This file contains any messages produced by compilers while
running configure, to aid debugging if configure makes a mistake.

It was created by dibbler configure 0.8.2, which was
generated by GNU Autoconf 2.68.  Invocation command line was

  $ ./configure 

## --------- ##
## Platform. ##
## --------- ##

hostname = zhouduanqi-Dell990
uname -m = i686
uname -r = 3.2.0-32-generic-pae
uname -s = Linux
uname -v = #51-Ubuntu SMP Wed Sep 26 21:54:23 UTC 2012

/usr/bin/uname -p = unknown
/bin/uname -X     = unknown

/bin/arch              = unknown
/usr/bin/arch -k       = unknown
/usr/convex/getsysinfo = unknown
/usr/bin/hostinfo      = unknown
/bin/machine           = unknown
/usr/bin/oslevel       = unknown
/bin/universe          = unknown

PATH: /usr/lib/lightdm/lightdm
PATH: /usr/local/sbin
PATH: /usr/local/bin
PATH: /usr/sbin
PATH: /usr/bin
PATH: /sbin
PATH: /bin
PATH: /usr/games


## ----------- ##
## Core tests. ##
## ----------- ##

configure:2736: checking for a BSD-compatible install
configure:2804: result: /usr/bin/install -c
configure:2815: checking whether build environment is sane
configure:2865: result: yes
configure:3006: checking for a thread-safe mkdir -p
configure:3045: result: /bin/mkdir -p
configure:3058: checking for gawk
configure:3088: result: no
configure:3058: checking for mawk
configure:3074: found /usr/bin/mawk
configure:3085: result: mawk
configure:3096: checking whether make sets $(MAKE)
configure:3118: result: yes
configure:3205: checking whether to enable maintainer-specific portions of Makefiles
configure:3214: result: no
configure:3312: checking for g++
configure:3328: found /usr/bin/g++
configure:3339: result: g++
configure:3366: checking for C++ compiler version
configure:3375: g++ --version >&5
g++ (Ubuntu/Linaro 4.6.3-1ubuntu5) 4.6.3
Copyright (C) 2011 Free Software Foundation, Inc.
This is free software; see the source for copying conditions.  There is NO
warranty; not even for MERCHANTABILITY or FITNESS FOR A PARTICULAR PURPOSE.

configure:3386: $? = 0
configure:3375: g++ -v >&5
Using built-in specs.
COLLECT_GCC=g++
COLLECT_LTO_WRAPPER=/usr/lib/gcc/i686-linux-gnu/4.6/lto-wrapper
Target: i686-linux-gnu
Configured with: ../src/configure -v --with-pkgversion='Ubuntu/Linaro 4.6.3-1ubuntu5' --with-bugurl=file:///usr/share/doc/gcc-4.6/README.Bugs --enable-languages=c,c++,fortran,objc,obj-c++ --prefix=/usr --program-suffix=-4.6 --enable-shared --enable-linker-build-id --with-system-zlib --libexecdir=/usr/lib --without-included-gettext --enable-threads=posix --with-gxx-include-dir=/usr/include/c++/4.6 --libdir=/usr/lib --enable-nls --with-sysroot=/ --enable-clocale=gnu --enable-libstdcxx-debug --enable-libstdcxx-time=yes --enable-gnu-unique-object --enable-plugin --enable-objc-gc --enable-targets=all --disable-werror --with-arch-32=i686 --with-tune=generic --enable-checking=release --build=i686-linux-gnu --host=i686-linux-gnu --target=i686-linux-gnu
Thread model: posix
gcc version 4.6.3 (Ubuntu/Linaro 4.6.3-1ubuntu5) 
configure:3386: $? = 0
configure:3375: g++ -V >&5
g++: error: unrecognized option '-V'
g++: fatal error: no input files
compilation terminated.
configure:3386: $? = 4
configure:3375: g++ -qversion >&5
g++: error: unrecognized option '-qversion'
g++: fatal error: no input files
compilation terminated.
configure:3386: $? = 4
configure:3406: checking whether the C++ compiler works
configure:3428: g++    conftest.cpp  >&5
configure:3432: $? = 0
configure:3480: result: yes
configure:3483: checking for C++ compiler default output file name
configure:3485: result: a.out
configure:3491: checking for suffix of executables
configure:3498: g++ -o conftest    conftest.cpp  >&5
configure:3502: $? = 0
configure:3524: result: 
configure:3546: checking whether we are cross compiling
configure:3554: g++ -o conftest    conftest.cpp  >&5
configure:3558: $? = 0
configure:3565: ./conftest
configure:3569: $? = 0
configure:3584: result: no
configure:3589: checking for suffix of object files
configure:3611: g++ -c   conftest.cpp >&5
configure:3615: $? = 0
configure:3636: result: o
configure:3640: checking whether we are using the GNU C++ compiler
configure:3659: g++ -c   conftest.cpp >&5
configure:3659: $? = 0
configure:3668: result: yes
configure:3677: checking whether g++ accepts -g
configure:3697: g++ -c -g  conftest.cpp >&5
configure:3697: $? = 0
configure:3738: result: yes
configure:3772: checking for style of include used by make
configure:3800: result: GNU
configure:3825: checking dependency style of g++
configure:3935: result: gcc3
configure:3998: checking for gcc
configure:4014: found /usr/bin/gcc
configure:4025: result: gcc
configure:4254: checking for C compiler version
configure:4263: gcc --version >&5
gcc (Ubuntu/Linaro 4.6.3-1ubuntu5) 4.6.3
Copyright (C) 2011 Free Software Foundation, Inc.
This is free software; see the source for copying conditions.  There is NO
warranty; not even for MERCHANTABILITY or FITNESS FOR A PARTICULAR PURPOSE.

configure:4274: $? = 0
configure:4263: gcc -v >&5
Using built-in specs.
COLLECT_GCC=gcc
COLLECT_LTO_WRAPPER=/usr/lib/gcc/i686-linux-gnu/4.6/lto-wrapper
Target: i686-linux-gnu
Configured with: ../src/configure -v --with-pkgversion='Ubuntu/Linaro 4.6.3-1ubuntu5' --with-bugurl=file:///usr/share/doc/gcc-4.6/README.Bugs --enable-languages=c,c++,fortran,objc,obj-c++ --prefix=/usr --program-suffix=-4.6 --enable-shared --enable-linker-build-id --with-system-zlib --libexecdir=/usr/lib --without-included-gettext --enable-threads=posix --with-gxx-include-dir=/usr/include/c++/4.6 --libdir=/usr/lib --enable-nls --with-sysroot=/ --enable-clocale=gnu --enable-libstdcxx-debug --enable-libstdcxx-time=yes --enable-gnu-unique-object --enable-plugin --enable-objc-gc --enable-targets=all --disable-werror --with-arch-32=i686 --with-tune=generic --enable-checking=release --build=i686-linux-gnu --host=i686-linux-gnu --target=i686-linux-gnu
Thread model: posix
gcc version 4.6.3 (Ubuntu/Linaro 4.6.3-1ubuntu5) 
configure:4274: $? = 0
configure:4263: gcc -V >&5
gcc: error: unrecognized option '-V'
gcc: fatal error: no input files
compilation terminated.
configure:4274: $? = 4
configure:4263: gcc -qversion >&5
gcc: error: unrecognized option '-qversion'
gcc: fatal error: no input files
compilation terminated.
configure:4274: $? = 4
configure:4278: checking whether we are using the GNU C compiler
configure:4297: gcc -c   conftest.c >&5
configure:4297: $? = 0
configure:4306: result: yes
configure:4315: checking whether gcc accepts -g
configure:4335: gcc -c -g  conftest.c >&5
configure:4335: $? = 0
configure:4376: result: yes
configure:4393: checking for gcc option to accept ISO C89
configure:4457: gcc  -c -g -O2  conftest.c >&5
configure:4457: $? = 0
configure:4470: result: none needed
configure:4492: checking dependency style of gcc
configure:4602: result: gcc3
configure:4646: checking build system type
configure:4660: result: i686-pc-linux-gnu
configure:4680: checking host system type
configure:4693: result: i686-pc-linux-gnu
configure:4734: checking how to print strings
configure:4761: result: printf
configure:4782: checking for a sed that does not truncate output
configure:4846: result: /bin/sed
configure:4864: checking for grep that handles long lines and -e
configure:4922: result: /bin/grep
configure:4927: checking for egrep
configure:4989: result: /bin/grep -E
configure:4994: checking for fgrep
configure:5056: result: /bin/grep -F
configure:5091: checking for ld used by gcc
configure:5158: result: /usr/bin/ld
configure:5165: checking if the linker (/usr/bin/ld) is GNU ld
configure:5180: result: yes
configure:5192: checking for BSD- or MS-compatible name lister (nm)
configure:5241: result: /usr/bin/nm -B
configure:5371: checking the name lister (/usr/bin/nm -B) interface
configure:5378: g++ -c -g -O2  conftest.cpp >&5
configure:5381: /usr/bin/nm -B "conftest.o"
configure:5384: output
00000000 B some_variable
configure:5391: result: BSD nm
configure:5394: checking whether ln -s works
configure:5398: result: yes
configure:5406: checking the maximum length of command line arguments
configure:5536: result: 1572864
configure:5553: checking whether the shell understands some XSI constructs
configure:5563: result: yes
configure:5567: checking whether the shell understands "+="
configure:5573: result: yes
configure:5608: checking how to convert i686-pc-linux-gnu file names to i686-pc-linux-gnu format
configure:5648: result: func_convert_file_noop
configure:5655: checking how to convert i686-pc-linux-gnu file names to toolchain format
configure:5675: result: func_convert_file_noop
configure:5682: checking for /usr/bin/ld option to reload object files
configure:5689: result: -r
configure:5763: checking for objdump
configure:5779: found /usr/bin/objdump
configure:5790: result: objdump
configure:5822: checking how to recognize dependent libraries
configure:6024: result: pass_all
configure:6109: checking for dlltool
configure:6139: result: no
configure:6169: checking how to associate runtime and link libraries
configure:6196: result: printf %s\n
configure:6257: checking for ar
configure:6273: found /usr/bin/ar
configure:6284: result: ar
configure:6321: checking for archiver @FILE support
configure:6338: g++ -c -g -O2  conftest.cpp >&5
configure:6338: $? = 0
configure:6341: ar cru libconftest.a @conftest.lst >&5
configure:6344: $? = 0
configure:6349: ar cru libconftest.a @conftest.lst >&5
ar: conftest.o: No such file or directory
configure:6352: $? = 1
configure:6364: result: @
configure:6422: checking for strip
configure:6438: found /usr/bin/strip
configure:6449: result: strip
configure:6521: checking for ranlib
configure:6537: found /usr/bin/ranlib
configure:6548: result: ranlib
configure:6650: checking command to parse /usr/bin/nm -B output from gcc object
configure:6770: g++ -c -g -O2  conftest.cpp >&5
configure:6773: $? = 0
configure:6777: /usr/bin/nm -B conftest.o \| sed -n -e 's/^.*[ ]\([ABCDGIRSTW][ABCDGIRSTW]*\)[ ][ ]*\([_A-Za-z][_A-Za-z0-9]*\)$/\1 \2 \2/p' | sed '/ __gnu_lto/d' \> conftest.nm
configure:6780: $? = 0
configure:6846: g++ -o conftest -g -O2   conftest.cpp conftstm.o >&5
configure:6849: $? = 0
configure:6887: result: ok
configure:6924: checking for sysroot
configure:6954: result: no
configure:7211: checking for mt
configure:7227: found /bin/mt
configure:7238: result: mt
configure:7261: checking if mt is a manifest tool
configure:7267: mt '-?'
configure:7275: result: no
configure:7917: checking how to run the C preprocessor
configure:7948: gcc -E  conftest.c
configure:7948: $? = 0
configure:7962: gcc -E  conftest.c
conftest.c:11:28: fatal error: ac_nonexistent.h: No such file or directory
compilation terminated.
configure:7962: $? = 1
configure: failed program was:
| /* confdefs.h */
| #define PACKAGE_NAME "dibbler"
| #define PACKAGE_TARNAME "dibbler"
| #define PACKAGE_VERSION "0.8.2"
| #define PACKAGE_STRING "dibbler 0.8.2"
| #define PACKAGE_BUGREPORT "dibbler@klub.com.pl"
| #define PACKAGE_URL ""
| #define PACKAGE "dibbler"
| #define VERSION "0.8.2"
| /* end confdefs.h.  */
| #include <ac_nonexistent.h>
configure:7987: result: gcc -E
configure:8007: gcc -E  conftest.c
configure:8007: $? = 0
configure:8021: gcc -E  conftest.c
conftest.c:11:28: fatal error: ac_nonexistent.h: No such file or directory
compilation terminated.
configure:8021: $? = 1
configure: failed program was:
| /* confdefs.h */
| #define PACKAGE_NAME "dibbler"
| #define PACKAGE_TARNAME "dibbler"
| #define PACKAGE_VERSION "0.8.2"
| #define PACKAGE_STRING "dibbler 0.8.2"
| #define PACKAGE_BUGREPORT "dibbler@klub.com.pl"
| #define PACKAGE_URL ""
| #define PACKAGE "dibbler"
| #define VERSION "0.8.2"
| /* end confdefs.h.  */
| #include <ac_nonexistent.h>
configure:8050: checking for ANSI C header files
configure:8070: gcc -c -g -O2  conftest.c >&5
configure:8070: $? = 0
configure:8143: gcc -o conftest -g -O2   conftest.c  >&5
configure:8143: $? = 0
configure:8143: ./conftest
configure:8143: $? = 0
configure:8154: result: yes
configure:8167: checking for sys/types.h
configure:8167: gcc -c -g -O2  conftest.c >&5
configure:8167: $? = 0
configure:8167: result: yes
configure:8167: checking for sys/stat.h
configure:8167: gcc -c -g -O2  conftest.c >&5
configure:8167: $? = 0
configure:8167: result: yes
configure:8167: checking for stdlib.h
configure:8167: gcc -c -g -O2  conftest.c >&5
configure:8167: $? = 0
configure:8167: result: yes
configure:8167: checking for string.h
configure:8167: gcc -c -g -O2  conftest.c >&5
configure:8167: $? = 0
configure:8167: result: yes
configure:8167: checking for memory.h
configure:8167: gcc -c -g -O2  conftest.c >&5
configure:8167: $? = 0
configure:8167: result: yes
configure:8167: checking for strings.h
configure:8167: gcc -c -g -O2  conftest.c >&5
configure:8167: $? = 0
configure:8167: result: yes
configure:8167: checking for inttypes.h
configure:8167: gcc -c -g -O2  conftest.c >&5
configure:8167: $? = 0
configure:8167: result: yes
configure:8167: checking for stdint.h
configure:8167: gcc -c -g -O2  conftest.c >&5
configure:8167: $? = 0
configure:8167: result: yes
configure:8167: checking for unistd.h
configure:8167: gcc -c -g -O2  conftest.c >&5
configure:8167: $? = 0
configure:8167: result: yes
configure:8181: checking for dlfcn.h
configure:8181: gcc -c -g -O2  conftest.c >&5
configure:8181: $? = 0
configure:8181: result: yes
configure:8396: checking for objdir
configure:8411: result: .libs
configure:8678: checking if gcc supports -fno-rtti -fno-exceptions
configure:8696: gcc -c -g -O2  -fno-rtti -fno-exceptions conftest.c >&5
cc1: warning: command line option '-fno-rtti' is valid for C++/ObjC++ but not for C [enabled by default]
configure:8700: $? = 0
configure:8713: result: no
configure:9040: checking for gcc option to produce PIC
configure:9047: result: -fPIC -DPIC
configure:9055: checking if gcc PIC flag -fPIC -DPIC works
configure:9073: gcc -c -g -O2  -fPIC -DPIC -DPIC conftest.c >&5
configure:9077: $? = 0
configure:9090: result: yes
configure:9119: checking if gcc static flag -static works
configure:9147: result: yes
configure:9162: checking if gcc supports -c -o file.o
configure:9183: gcc -c -g -O2  -o out/conftest2.o conftest.c >&5
configure:9187: $? = 0
configure:9209: result: yes
configure:9217: checking if gcc supports -c -o file.o
configure:9264: result: yes
configure:9297: checking whether the gcc linker (/usr/bin/ld) supports shared libraries
configure:10450: result: yes
configure:10690: checking dynamic linker characteristics
configure:11201: gcc -o conftest -g -O2   -Wl,-rpath -Wl,/foo conftest.c  >&5
configure:11201: $? = 0
configure:11423: result: GNU/Linux ld.so
configure:11530: checking how to hardcode library paths into programs
configure:11555: result: immediate
configure:12095: checking whether stripping libraries is possible
configure:12100: result: yes
configure:12135: checking if libtool supports shared libraries
configure:12137: result: yes
configure:12140: checking whether to build shared libraries
configure:12161: result: no
configure:12164: checking whether to build static libraries
configure:12168: result: yes
configure:12191: checking how to run the C++ preprocessor
configure:12218: g++ -E  conftest.cpp
configure:12218: $? = 0
configure:12232: g++ -E  conftest.cpp
conftest.cpp:23:28: fatal error: ac_nonexistent.h: No such file or directory
compilation terminated.
configure:12232: $? = 1
configure: failed program was:
| /* confdefs.h */
| #define PACKAGE_NAME "dibbler"
| #define PACKAGE_TARNAME "dibbler"
| #define PACKAGE_VERSION "0.8.2"
| #define PACKAGE_STRING "dibbler 0.8.2"
| #define PACKAGE_BUGREPORT "dibbler@klub.com.pl"
| #define PACKAGE_URL ""
| #define PACKAGE "dibbler"
| #define VERSION "0.8.2"
| #define STDC_HEADERS 1
| #define HAVE_SYS_TYPES_H 1
| #define HAVE_SYS_STAT_H 1
| #define HAVE_STDLIB_H 1
| #define HAVE_STRING_H 1
| #define HAVE_MEMORY_H 1
| #define HAVE_STRINGS_H 1
| #define HAVE_INTTYPES_H 1
| #define HAVE_STDINT_H 1
| #define HAVE_UNISTD_H 1
| #define HAVE_DLFCN_H 1
| #define LT_OBJDIR ".libs/"
| /* end confdefs.h.  */
| #include <ac_nonexistent.h>
configure:12257: result: g++ -E
configure:12277: g++ -E  conftest.cpp
configure:12277: $? = 0
configure:12291: g++ -E  conftest.cpp
conftest.cpp:23:28: fatal error: ac_nonexistent.h: No such file or directory
compilation terminated.
configure:12291: $? = 1
configure: failed program was:
| /* confdefs.h */
| #define PACKAGE_NAME "dibbler"
| #define PACKAGE_TARNAME "dibbler"
| #define PACKAGE_VERSION "0.8.2"
| #define PACKAGE_STRING "dibbler 0.8.2"
| #define PACKAGE_BUGREPORT "dibbler@klub.com.pl"
| #define PACKAGE_URL ""
| #define PACKAGE "dibbler"
| #define VERSION "0.8.2"
| #define STDC_HEADERS 1
| #define HAVE_SYS_TYPES_H 1
| #define HAVE_SYS_STAT_H 1
| #define HAVE_STDLIB_H 1
| #define HAVE_STRING_H 1
| #define HAVE_MEMORY_H 1
| #define HAVE_STRINGS_H 1
| #define HAVE_INTTYPES_H 1
| #define HAVE_STDINT_H 1
| #define HAVE_UNISTD_H 1
| #define HAVE_DLFCN_H 1
| #define LT_OBJDIR ".libs/"
| /* end confdefs.h.  */
| #include <ac_nonexistent.h>
configure:12460: checking for ld used by g++
configure:12527: result: /usr/bin/ld
configure:12534: checking if the linker (/usr/bin/ld) is GNU ld
configure:12549: result: yes
configure:12604: checking whether the g++ linker (/usr/bin/ld) supports shared libraries
configure:13609: result: yes
configure:13645: g++ -c -g -O2  conftest.cpp >&5
configure:13648: $? = 0
configure:14168: checking for g++ option to produce PIC
configure:14175: result: -fPIC -DPIC
configure:14183: checking if g++ PIC flag -fPIC -DPIC works
configure:14201: g++ -c -g -O2  -fPIC -DPIC -DPIC conftest.cpp >&5
configure:14205: $? = 0
configure:14218: result: yes
configure:14241: checking if g++ static flag -static works
configure:14269: result: yes
configure:14281: checking if g++ supports -c -o file.o
configure:14302: g++ -c -g -O2  -o out/conftest2.o conftest.cpp >&5
configure:14306: $? = 0
configure:14328: result: yes
configure:14333: checking if g++ supports -c -o file.o
configure:14380: result: yes
configure:14410: checking whether the g++ linker (/usr/bin/ld) supports shared libraries
configure:14446: result: yes
configure:14587: checking dynamic linker characteristics
configure:15254: result: GNU/Linux ld.so
configure:15307: checking how to hardcode library paths into programs
configure:15332: result: immediate
configure:15440: checking for strip
configure:15467: result: strip
configure:15490: checking for ANSI C header files
configure:15594: result: yes
configure:15603: checking for size_t
configure:15603: g++ -c -g -O2  conftest.cpp >&5
configure:15603: $? = 0
configure:15603: g++ -c -g -O2  conftest.cpp >&5
conftest.cpp: In function 'int main()':
conftest.cpp:60:20: error: expected primary-expression before ')' token
configure:15603: $? = 1
configure: failed program was:
| /* confdefs.h */
| #define PACKAGE_NAME "dibbler"
| #define PACKAGE_TARNAME "dibbler"
| #define PACKAGE_VERSION "0.8.2"
| #define PACKAGE_STRING "dibbler 0.8.2"
| #define PACKAGE_BUGREPORT "dibbler@klub.com.pl"
| #define PACKAGE_URL ""
| #define PACKAGE "dibbler"
| #define VERSION "0.8.2"
| #define STDC_HEADERS 1
| #define HAVE_SYS_TYPES_H 1
| #define HAVE_SYS_STAT_H 1
| #define HAVE_STDLIB_H 1
| #define HAVE_STRING_H 1
| #define HAVE_MEMORY_H 1
| #define HAVE_STRINGS_H 1
| #define HAVE_INTTYPES_H 1
| #define HAVE_STDINT_H 1
| #define HAVE_UNISTD_H 1
| #define HAVE_DLFCN_H 1
| #define LT_OBJDIR ".libs/"
| #define STDC_HEADERS 1
| /* end confdefs.h.  */
| #include <stdio.h>
| #ifdef HAVE_SYS_TYPES_H
| # include <sys/types.h>
| #endif
| #ifdef HAVE_SYS_STAT_H
| # include <sys/stat.h>
| #endif
| #ifdef STDC_HEADERS
| # include <stdlib.h>
| # include <stddef.h>
| #else
| # ifdef HAVE_STDLIB_H
| #  include <stdlib.h>
| # endif
| #endif
| #ifdef HAVE_STRING_H
| # if !defined STDC_HEADERS && defined HAVE_MEMORY_H
| #  include <memory.h>
| # endif
| # include <string.h>
| #endif
| #ifdef HAVE_STRINGS_H
| # include <strings.h>
| #endif
| #ifdef HAVE_INTTYPES_H
| # include <inttypes.h>
| #endif
| #ifdef HAVE_STDINT_H
| # include <stdint.h>
| #endif
| #ifdef HAVE_UNISTD_H
| # include <unistd.h>
| #endif
| int
| main ()
| {
| if (sizeof ((size_t)))
| 	    return 0;
|   ;
|   return 0;
| }
configure:15603: result: yes
configure:15616: checking for working alloca.h
configure:15633: g++ -o conftest -g -O2   conftest.cpp  >&5
configure:15633: $? = 0
configure:15641: result: yes
configure:15649: checking for alloca
configure:15686: g++ -o conftest -g -O2   conftest.cpp  >&5
configure:15686: $? = 0
configure:15694: result: yes
configure:15806: checking arpa/inet.h usability
configure:15806: g++ -c -g -O2  conftest.cpp >&5
configure:15806: $? = 0
configure:15806: result: yes
configure:15806: checking arpa/inet.h presence
configure:15806: g++ -E  conftest.cpp
configure:15806: $? = 0
configure:15806: result: yes
configure:15806: checking for arpa/inet.h
configure:15806: result: yes
configure:15806: checking fcntl.h usability
configure:15806: g++ -c -g -O2  conftest.cpp >&5
configure:15806: $? = 0
configure:15806: result: yes
configure:15806: checking fcntl.h presence
configure:15806: g++ -E  conftest.cpp
configure:15806: $? = 0
configure:15806: result: yes
configure:15806: checking for fcntl.h
configure:15806: result: yes
configure:15806: checking for inttypes.h
configure:15806: result: yes
configure:15806: checking limits.h usability
configure:15806: g++ -c -g -O2  conftest.cpp >&5
configure:15806: $? = 0
configure:15806: result: yes
configure:15806: checking limits.h presence
configure:15806: g++ -E  conftest.cpp
configure:15806: $? = 0
configure:15806: result: yes
configure:15806: checking for limits.h
configure:15806: result: yes
configure:15806: checking malloc.h usability
configure:15806: g++ -c -g -O2  conftest.cpp >&5
configure:15806: $? = 0
configure:15806: result: yes
configure:15806: checking malloc.h presence
configure:15806: g++ -E  conftest.cpp
configure:15806: $? = 0
configure:15806: result: yes
configure:15806: checking for malloc.h
configure:15806: result: yes
configure:15806: checking netdb.h usability
configure:15806: g++ -c -g -O2  conftest.cpp >&5
configure:15806: $? = 0
configure:15806: result: yes
configure:15806: checking netdb.h presence
configure:15806: g++ -E  conftest.cpp
configure:15806: $? = 0
configure:15806: result: yes
configure:15806: checking for netdb.h
configure:15806: result: yes
configure:15806: checking netinet/in.h usability
configure:15806: g++ -c -g -O2  conftest.cpp >&5
configure:15806: $? = 0
configure:15806: result: yes
configure:15806: checking netinet/in.h presence
configure:15806: g++ -E  conftest.cpp
configure:15806: $? = 0
configure:15806: result: yes
configure:15806: checking for netinet/in.h
configure:15806: result: yes
configure:15806: checking stddef.h usability
configure:15806: g++ -c -g -O2  conftest.cpp >&5
configure:15806: $? = 0
configure:15806: result: yes
configure:15806: checking stddef.h presence
configure:15806: g++ -E  conftest.cpp
configure:15806: $? = 0
configure:15806: result: yes
configure:15806: checking for stddef.h
configure:15806: result: yes
configure:15806: checking for stdint.h
configure:15806: result: yes
configure:15806: checking for stdlib.h
configure:15806: result: yes
configure:15806: checking for string.h
configure:15806: result: yes
configure:15806: checking sys/ioctl.h usability
configure:15806: g++ -c -g -O2  conftest.cpp >&5
configure:15806: $? = 0
configure:15806: result: yes
configure:15806: checking sys/ioctl.h presence
configure:15806: g++ -E  conftest.cpp
configure:15806: $? = 0
configure:15806: result: yes
configure:15806: checking for sys/ioctl.h
configure:15806: result: yes
configure:15806: checking sys/socket.h usability
configure:15806: g++ -c -g -O2  conftest.cpp >&5
configure:15806: $? = 0
configure:15806: result: yes
configure:15806: checking sys/socket.h presence
configure:15806: g++ -E  conftest.cpp
configure:15806: $? = 0
configure:15806: result: yes
configure:15806: checking for sys/socket.h
configure:15806: result: yes
configure:15806: checking sys/time.h usability
configure:15806: g++ -c -g -O2  conftest.cpp >&5
configure:15806: $? = 0
configure:15806: result: yes
configure:15806: checking sys/time.h presence
configure:15806: g++ -E  conftest.cpp
configure:15806: $? = 0
configure:15806: result: yes
configure:15806: checking for sys/time.h
configure:15806: result: yes
configure:15806: checking syslog.h usability
configure:15806: g++ -c -g -O2  conftest.cpp >&5
configure:15806: $? = 0
configure:15806: result: yes
configure:15806: checking syslog.h presence
configure:15806: g++ -E  conftest.cpp
configure:15806: $? = 0
configure:15806: result: yes
configure:15806: checking for syslog.h
configure:15806: result: yes
configure:15806: checking for unistd.h
configure:15806: result: yes
configure:15806: checking wchar.h usability
configure:15806: g++ -c -g -O2  conftest.cpp >&5
configure:15806: $? = 0
configure:15806: result: yes
configure:15806: checking wchar.h presence
configure:15806: g++ -E  conftest.cpp
configure:15806: $? = 0
configure:15806: result: yes
configure:15806: checking for wchar.h
configure:15806: result: yes
configure:15819: checking poll.h usability
configure:15819: g++ -c -g -O2  conftest.cpp >&5
configure:15819: $? = 0
configure:15819: result: yes
configure:15819: checking poll.h presence
configure:15819: g++ -E  conftest.cpp
configure:15819: $? = 0
configure:15819: result: yes
configure:15819: checking for poll.h
configure:15819: result: yes
configure:15819: checking sys/poll.h usability
configure:15819: g++ -c -g -O2  conftest.cpp >&5
configure:15819: $? = 0
configure:15819: result: yes
configure:15819: checking sys/poll.h presence
configure:15819: g++ -E  conftest.cpp
configure:15819: $? = 0
configure:15819: result: yes
configure:15819: checking for sys/poll.h
configure:15819: result: yes
configure:15819: checking winsock2.h usability
configure:15819: g++ -c -g -O2  conftest.cpp >&5
conftest.cpp:78:22: fatal error: winsock2.h: No such file or directory
compilation terminated.
configure:15819: $? = 1
configure: failed program was:
| /* confdefs.h */
| #define PACKAGE_NAME "dibbler"
| #define PACKAGE_TARNAME "dibbler"
| #define PACKAGE_VERSION "0.8.2"
| #define PACKAGE_STRING "dibbler 0.8.2"
| #define PACKAGE_BUGREPORT "dibbler@klub.com.pl"
| #define PACKAGE_URL ""
| #define PACKAGE "dibbler"
| #define VERSION "0.8.2"
| #define STDC_HEADERS 1
| #define HAVE_SYS_TYPES_H 1
| #define HAVE_SYS_STAT_H 1
| #define HAVE_STDLIB_H 1
| #define HAVE_STRING_H 1
| #define HAVE_MEMORY_H 1
| #define HAVE_STRINGS_H 1
| #define HAVE_INTTYPES_H 1
| #define HAVE_STDINT_H 1
| #define HAVE_UNISTD_H 1
| #define HAVE_DLFCN_H 1
| #define LT_OBJDIR ".libs/"
| #define STDC_HEADERS 1
| #define HAVE_ALLOCA_H 1
| #define HAVE_ALLOCA 1
| #define HAVE_ARPA_INET_H 1
| #define HAVE_FCNTL_H 1
| #define HAVE_INTTYPES_H 1
| #define HAVE_LIMITS_H 1
| #define HAVE_MALLOC_H 1
| #define HAVE_NETDB_H 1
| #define HAVE_NETINET_IN_H 1
| #define HAVE_STDDEF_H 1
| #define HAVE_STDINT_H 1
| #define HAVE_STDLIB_H 1
| #define HAVE_STRING_H 1
| #define HAVE_SYS_IOCTL_H 1
| #define HAVE_SYS_SOCKET_H 1
| #define HAVE_SYS_TIME_H 1
| #define HAVE_SYSLOG_H 1
| #define HAVE_UNISTD_H 1
| #define HAVE_WCHAR_H 1
| #define HAVE_POLL_H 1
| #define HAVE_SYS_POLL_H 1
| /* end confdefs.h.  */
| #include <stdio.h>
| #ifdef HAVE_SYS_TYPES_H
| # include <sys/types.h>
| #endif
| #ifdef HAVE_SYS_STAT_H
| # include <sys/stat.h>
| #endif
| #ifdef STDC_HEADERS
| # include <stdlib.h>
| # include <stddef.h>
| #else
| # ifdef HAVE_STDLIB_H
| #  include <stdlib.h>
| # endif
| #endif
| #ifdef HAVE_STRING_H
| # if !defined STDC_HEADERS && defined HAVE_MEMORY_H
| #  include <memory.h>
| # endif
| # include <string.h>
| #endif
| #ifdef HAVE_STRINGS_H
| # include <strings.h>
| #endif
| #ifdef HAVE_INTTYPES_H
| # include <inttypes.h>
| #endif
| #ifdef HAVE_STDINT_H
| # include <stdint.h>
| #endif
| #ifdef HAVE_UNISTD_H
| # include <unistd.h>
| #endif
| #include <winsock2.h>
configure:15819: result: no
configure:15819: checking winsock2.h presence
configure:15819: g++ -E  conftest.cpp
conftest.cpp:45:22: fatal error: winsock2.h: No such file or directory
compilation terminated.
configure:15819: $? = 1
configure: failed program was:
| /* confdefs.h */
| #define PACKAGE_NAME "dibbler"
| #define PACKAGE_TARNAME "dibbler"
| #define PACKAGE_VERSION "0.8.2"
| #define PACKAGE_STRING "dibbler 0.8.2"
| #define PACKAGE_BUGREPORT "dibbler@klub.com.pl"
| #define PACKAGE_URL ""
| #define PACKAGE "dibbler"
| #define VERSION "0.8.2"
| #define STDC_HEADERS 1
| #define HAVE_SYS_TYPES_H 1
| #define HAVE_SYS_STAT_H 1
| #define HAVE_STDLIB_H 1
| #define HAVE_STRING_H 1
| #define HAVE_MEMORY_H 1
| #define HAVE_STRINGS_H 1
| #define HAVE_INTTYPES_H 1
| #define HAVE_STDINT_H 1
| #define HAVE_UNISTD_H 1
| #define HAVE_DLFCN_H 1
| #define LT_OBJDIR ".libs/"
| #define STDC_HEADERS 1
| #define HAVE_ALLOCA_H 1
| #define HAVE_ALLOCA 1
| #define HAVE_ARPA_INET_H 1
| #define HAVE_FCNTL_H 1
| #define HAVE_INTTYPES_H 1
| #define HAVE_LIMITS_H 1
| #define HAVE_MALLOC_H 1
| #define HAVE_NETDB_H 1
| #define HAVE_NETINET_IN_H 1
| #define HAVE_STDDEF_H 1
| #define HAVE_STDINT_H 1
| #define HAVE_STDLIB_H 1
| #define HAVE_STRING_H 1
| #define HAVE_SYS_IOCTL_H 1
| #define HAVE_SYS_SOCKET_H 1
| #define HAVE_SYS_TIME_H 1
| #define HAVE_SYSLOG_H 1
| #define HAVE_UNISTD_H 1
| #define HAVE_WCHAR_H 1
| #define HAVE_POLL_H 1
| #define HAVE_SYS_POLL_H 1
| /* end confdefs.h.  */
| #include <winsock2.h>
configure:15819: result: no
configure:15819: checking for winsock2.h
configure:15819: result: no
configure:15819: checking sys/select.h usability
configure:15819: g++ -c -g -O2  conftest.cpp >&5
configure:15819: $? = 0
configure:15819: result: yes
configure:15819: checking sys/select.h presence
configure:15819: g++ -E  conftest.cpp
configure:15819: $? = 0
configure:15819: result: yes
configure:15819: checking for sys/select.h
configure:15819: result: yes
configure:15832: checking slist usability
configure:15832: g++ -c -g -O2  conftest.cpp >&5
conftest.cpp:79:17: fatal error: slist: No such file or directory
compilation terminated.
configure:15832: $? = 1
configure: failed program was:
| /* confdefs.h */
| #define PACKAGE_NAME "dibbler"
| #define PACKAGE_TARNAME "dibbler"
| #define PACKAGE_VERSION "0.8.2"
| #define PACKAGE_STRING "dibbler 0.8.2"
| #define PACKAGE_BUGREPORT "dibbler@klub.com.pl"
| #define PACKAGE_URL ""
| #define PACKAGE "dibbler"
| #define VERSION "0.8.2"
| #define STDC_HEADERS 1
| #define HAVE_SYS_TYPES_H 1
| #define HAVE_SYS_STAT_H 1
| #define HAVE_STDLIB_H 1
| #define HAVE_STRING_H 1
| #define HAVE_MEMORY_H 1
| #define HAVE_STRINGS_H 1
| #define HAVE_INTTYPES_H 1
| #define HAVE_STDINT_H 1
| #define HAVE_UNISTD_H 1
| #define HAVE_DLFCN_H 1
| #define LT_OBJDIR ".libs/"
| #define STDC_HEADERS 1
| #define HAVE_ALLOCA_H 1
| #define HAVE_ALLOCA 1
| #define HAVE_ARPA_INET_H 1
| #define HAVE_FCNTL_H 1
| #define HAVE_INTTYPES_H 1
| #define HAVE_LIMITS_H 1
| #define HAVE_MALLOC_H 1
| #define HAVE_NETDB_H 1
| #define HAVE_NETINET_IN_H 1
| #define HAVE_STDDEF_H 1
| #define HAVE_STDINT_H 1
| #define HAVE_STDLIB_H 1
| #define HAVE_STRING_H 1
| #define HAVE_SYS_IOCTL_H 1
| #define HAVE_SYS_SOCKET_H 1
| #define HAVE_SYS_TIME_H 1
| #define HAVE_SYSLOG_H 1
| #define HAVE_UNISTD_H 1
| #define HAVE_WCHAR_H 1
| #define HAVE_POLL_H 1
| #define HAVE_SYS_POLL_H 1
| #define HAVE_SYS_SELECT_H 1
| /* end confdefs.h.  */
| #include <stdio.h>
| #ifdef HAVE_SYS_TYPES_H
| # include <sys/types.h>
| #endif
| #ifdef HAVE_SYS_STAT_H
| # include <sys/stat.h>
| #endif
| #ifdef STDC_HEADERS
| # include <stdlib.h>
| # include <stddef.h>
| #else
| # ifdef HAVE_STDLIB_H
| #  include <stdlib.h>
| # endif
| #endif
| #ifdef HAVE_STRING_H
| # if !defined STDC_HEADERS && defined HAVE_MEMORY_H
| #  include <memory.h>
| # endif
| # include <string.h>
| #endif
| #ifdef HAVE_STRINGS_H
| # include <strings.h>
| #endif
| #ifdef HAVE_INTTYPES_H
| # include <inttypes.h>
| #endif
| #ifdef HAVE_STDINT_H
| # include <stdint.h>
| #endif
| #ifdef HAVE_UNISTD_H
| # include <unistd.h>
| #endif
| #include <slist>
configure:15832: result: no
configure:15832: checking slist presence
configure:15832: g++ -E  conftest.cpp
conftest.cpp:46:17: fatal error: slist: No such file or directory
compilation terminated.
configure:15832: $? = 1
configure: failed program was:
| /* confdefs.h */
| #define PACKAGE_NAME "dibbler"
| #define PACKAGE_TARNAME "dibbler"
| #define PACKAGE_VERSION "0.8.2"
| #define PACKAGE_STRING "dibbler 0.8.2"
| #define PACKAGE_BUGREPORT "dibbler@klub.com.pl"
| #define PACKAGE_URL ""
| #define PACKAGE "dibbler"
| #define VERSION "0.8.2"
| #define STDC_HEADERS 1
| #define HAVE_SYS_TYPES_H 1
| #define HAVE_SYS_STAT_H 1
| #define HAVE_STDLIB_H 1
| #define HAVE_STRING_H 1
| #define HAVE_MEMORY_H 1
| #define HAVE_STRINGS_H 1
| #define HAVE_INTTYPES_H 1
| #define HAVE_STDINT_H 1
| #define HAVE_UNISTD_H 1
| #define HAVE_DLFCN_H 1
| #define LT_OBJDIR ".libs/"
| #define STDC_HEADERS 1
| #define HAVE_ALLOCA_H 1
| #define HAVE_ALLOCA 1
| #define HAVE_ARPA_INET_H 1
| #define HAVE_FCNTL_H 1
| #define HAVE_INTTYPES_H 1
| #define HAVE_LIMITS_H 1
| #define HAVE_MALLOC_H 1
| #define HAVE_NETDB_H 1
| #define HAVE_NETINET_IN_H 1
| #define HAVE_STDDEF_H 1
| #define HAVE_STDINT_H 1
| #define HAVE_STDLIB_H 1
| #define HAVE_STRING_H 1
| #define HAVE_SYS_IOCTL_H 1
| #define HAVE_SYS_SOCKET_H 1
| #define HAVE_SYS_TIME_H 1
| #define HAVE_SYSLOG_H 1
| #define HAVE_UNISTD_H 1
| #define HAVE_WCHAR_H 1
| #define HAVE_POLL_H 1
| #define HAVE_SYS_POLL_H 1
| #define HAVE_SYS_SELECT_H 1
| /* end confdefs.h.  */
| #include <slist>
configure:15832: result: no
configure:15832: checking for slist
configure:15832: result: no
configure:15832: checking ext/slist usability
configure:15832: g++ -c -g -O2  conftest.cpp >&5
configure:15832: $? = 0
configure:15832: result: yes
configure:15832: checking ext/slist presence
configure:15832: g++ -E  conftest.cpp
configure:15832: $? = 0
configure:15832: result: yes
configure:15832: checking for ext/slist
configure:15832: result: yes
configure:15850: checking whether IPV6_PKTINFO is declared
configure:15850: g++ -c -g -O2  conftest.cpp >&5
configure:15850: $? = 0
configure:15850: result: yes
configure:15866: checking whether IPV6_RECVPKTINFO is declared
configure:15866: g++ -c -g -O2  conftest.cpp >&5
configure:15866: $? = 0
configure:15866: result: yes
configure:15884: checking for stdbool.h that conforms to C99
configure:15951: g++ -c -g -O2  conftest.cpp >&5
configure:15951: $? = 0
configure:15958: result: yes
configure:15960: checking for _Bool
configure:15960: g++ -c -g -O2  conftest.cpp >&5
conftest.cpp: In function 'int main()':
conftest.cpp:86:13: error: '_Bool' was not declared in this scope
configure:15960: $? = 1
configure: failed program was:
| /* confdefs.h */
| #define PACKAGE_NAME "dibbler"
| #define PACKAGE_TARNAME "dibbler"
| #define PACKAGE_VERSION "0.8.2"
| #define PACKAGE_STRING "dibbler 0.8.2"
| #define PACKAGE_BUGREPORT "dibbler@klub.com.pl"
| #define PACKAGE_URL ""
| #define PACKAGE "dibbler"
| #define VERSION "0.8.2"
| #define STDC_HEADERS 1
| #define HAVE_SYS_TYPES_H 1
| #define HAVE_SYS_STAT_H 1
| #define HAVE_STDLIB_H 1
| #define HAVE_STRING_H 1
| #define HAVE_MEMORY_H 1
| #define HAVE_STRINGS_H 1
| #define HAVE_INTTYPES_H 1
| #define HAVE_STDINT_H 1
| #define HAVE_UNISTD_H 1
| #define HAVE_DLFCN_H 1
| #define LT_OBJDIR ".libs/"
| #define STDC_HEADERS 1
| #define HAVE_ALLOCA_H 1
| #define HAVE_ALLOCA 1
| #define HAVE_ARPA_INET_H 1
| #define HAVE_FCNTL_H 1
| #define HAVE_INTTYPES_H 1
| #define HAVE_LIMITS_H 1
| #define HAVE_MALLOC_H 1
| #define HAVE_NETDB_H 1
| #define HAVE_NETINET_IN_H 1
| #define HAVE_STDDEF_H 1
| #define HAVE_STDINT_H 1
| #define HAVE_STDLIB_H 1
| #define HAVE_STRING_H 1
| #define HAVE_SYS_IOCTL_H 1
| #define HAVE_SYS_SOCKET_H 1
| #define HAVE_SYS_TIME_H 1
| #define HAVE_SYSLOG_H 1
| #define HAVE_UNISTD_H 1
| #define HAVE_WCHAR_H 1
| #define HAVE_POLL_H 1
| #define HAVE_SYS_POLL_H 1
| #define HAVE_SYS_SELECT_H 1
| #define HAVE_EXT_SLIST 1
| #define HAVE_POLL 1
| #define HAVE_DECL_IPV6_PKTINFO 1
| #define HAVE_DECL_IPV6_RECVPKTINFO 1
| /* end confdefs.h.  */
| #include <stdio.h>
| #ifdef HAVE_SYS_TYPES_H
| # include <sys/types.h>
| #endif
| #ifdef HAVE_SYS_STAT_H
| # include <sys/stat.h>
| #endif
| #ifdef STDC_HEADERS
| # include <stdlib.h>
| # include <stddef.h>
| #else
| # ifdef HAVE_STDLIB_H
| #  include <stdlib.h>
| # endif
| #endif
| #ifdef HAVE_STRING_H
| # if !defined STDC_HEADERS && defined HAVE_MEMORY_H
| #  include <memory.h>
| # endif
| # include <string.h>
| #endif
| #ifdef HAVE_STRINGS_H
| # include <strings.h>
| #endif
| #ifdef HAVE_INTTYPES_H
| # include <inttypes.h>
| #endif
| #ifdef HAVE_STDINT_H
| # include <stdint.h>
| #endif
| #ifdef HAVE_UNISTD_H
| # include <unistd.h>
| #endif
| int
| main ()
| {
| if (sizeof (_Bool))
| 	 return 0;
|   ;
|   return 0;
| }
configure:15960: result: no
configure:15976: checking for inline
configure:15992: g++ -c -g -O2  conftest.cpp >&5
configure:15992: $? = 0
configure:16000: result: inline
configure:16018: checking for int16_t
configure:16018: g++ -c -g -O2  conftest.cpp >&5
configure:16018: $? = 0
configure:16018: g++ -c -g -O2  conftest.cpp >&5
conftest.cpp: In function 'int main()':
conftest.cpp:89:58: error: size of array 'test_array' is negative
configure:16018: $? = 1
configure: failed program was:
| /* confdefs.h */
| #define PACKAGE_NAME "dibbler"
| #define PACKAGE_TARNAME "dibbler"
| #define PACKAGE_VERSION "0.8.2"
| #define PACKAGE_STRING "dibbler 0.8.2"
| #define PACKAGE_BUGREPORT "dibbler@klub.com.pl"
| #define PACKAGE_URL ""
| #define PACKAGE "dibbler"
| #define VERSION "0.8.2"
| #define STDC_HEADERS 1
| #define HAVE_SYS_TYPES_H 1
| #define HAVE_SYS_STAT_H 1
| #define HAVE_STDLIB_H 1
| #define HAVE_STRING_H 1
| #define HAVE_MEMORY_H 1
| #define HAVE_STRINGS_H 1
| #define HAVE_INTTYPES_H 1
| #define HAVE_STDINT_H 1
| #define HAVE_UNISTD_H 1
| #define HAVE_DLFCN_H 1
| #define LT_OBJDIR ".libs/"
| #define STDC_HEADERS 1
| #define HAVE_ALLOCA_H 1
| #define HAVE_ALLOCA 1
| #define HAVE_ARPA_INET_H 1
| #define HAVE_FCNTL_H 1
| #define HAVE_INTTYPES_H 1
| #define HAVE_LIMITS_H 1
| #define HAVE_MALLOC_H 1
| #define HAVE_NETDB_H 1
| #define HAVE_NETINET_IN_H 1
| #define HAVE_STDDEF_H 1
| #define HAVE_STDINT_H 1
| #define HAVE_STDLIB_H 1
| #define HAVE_STRING_H 1
| #define HAVE_SYS_IOCTL_H 1
| #define HAVE_SYS_SOCKET_H 1
| #define HAVE_SYS_TIME_H 1
| #define HAVE_SYSLOG_H 1
| #define HAVE_UNISTD_H 1
| #define HAVE_WCHAR_H 1
| #define HAVE_POLL_H 1
| #define HAVE_SYS_POLL_H 1
| #define HAVE_SYS_SELECT_H 1
| #define HAVE_EXT_SLIST 1
| #define HAVE_POLL 1
| #define HAVE_DECL_IPV6_PKTINFO 1
| #define HAVE_DECL_IPV6_RECVPKTINFO 1
| #define HAVE_STDBOOL_H 1
| /* end confdefs.h.  */
| #include <stdio.h>
| #ifdef HAVE_SYS_TYPES_H
| # include <sys/types.h>
| #endif
| #ifdef HAVE_SYS_STAT_H
| # include <sys/stat.h>
| #endif
| #ifdef STDC_HEADERS
| # include <stdlib.h>
| # include <stddef.h>
| #else
| # ifdef HAVE_STDLIB_H
| #  include <stdlib.h>
| # endif
| #endif
| #ifdef HAVE_STRING_H
| # if !defined STDC_HEADERS && defined HAVE_MEMORY_H
| #  include <memory.h>
| # endif
| # include <string.h>
| #endif
| #ifdef HAVE_STRINGS_H
| # include <strings.h>
| #endif
| #ifdef HAVE_INTTYPES_H
| # include <inttypes.h>
| #endif
| #ifdef HAVE_STDINT_H
| # include <stdint.h>
| #endif
| #ifdef HAVE_UNISTD_H
| # include <unistd.h>
| #endif
| 	        enum { N = 16 / 2 - 1 };
| int
| main ()
| {
| static int test_array [1 - 2 * !((int16_t) (((((int16_t) 1 << N) << N) - 1) * 2 + 1)
| 		 < (int16_t) (((((int16_t) 1 << N) << N) - 1) * 2 + 2))];
| test_array [0] = 0
| 
|   ;
|   return 0;
| }
configure:16018: result: yes
configure:16029: checking for int32_t
configure:16029: g++ -c -g -O2  conftest.cpp >&5
configure:16029: $? = 0
configure:16029: g++ -c -g -O2  conftest.cpp >&5
conftest.cpp: In function 'int main()':
conftest.cpp:89:55: warning: integer overflow in expression [-Woverflow]
conftest.cpp:89:58: error: size of array 'test_array' is negative
configure:16029: $? = 1
configure: failed program was:
| /* confdefs.h */
| #define PACKAGE_NAME "dibbler"
| #define PACKAGE_TARNAME "dibbler"
| #define PACKAGE_VERSION "0.8.2"
| #define PACKAGE_STRING "dibbler 0.8.2"
| #define PACKAGE_BUGREPORT "dibbler@klub.com.pl"
| #define PACKAGE_URL ""
| #define PACKAGE "dibbler"
| #define VERSION "0.8.2"
| #define STDC_HEADERS 1
| #define HAVE_SYS_TYPES_H 1
| #define HAVE_SYS_STAT_H 1
| #define HAVE_STDLIB_H 1
| #define HAVE_STRING_H 1
| #define HAVE_MEMORY_H 1
| #define HAVE_STRINGS_H 1
| #define HAVE_INTTYPES_H 1
| #define HAVE_STDINT_H 1
| #define HAVE_UNISTD_H 1
| #define HAVE_DLFCN_H 1
| #define LT_OBJDIR ".libs/"
| #define STDC_HEADERS 1
| #define HAVE_ALLOCA_H 1
| #define HAVE_ALLOCA 1
| #define HAVE_ARPA_INET_H 1
| #define HAVE_FCNTL_H 1
| #define HAVE_INTTYPES_H 1
| #define HAVE_LIMITS_H 1
| #define HAVE_MALLOC_H 1
| #define HAVE_NETDB_H 1
| #define HAVE_NETINET_IN_H 1
| #define HAVE_STDDEF_H 1
| #define HAVE_STDINT_H 1
| #define HAVE_STDLIB_H 1
| #define HAVE_STRING_H 1
| #define HAVE_SYS_IOCTL_H 1
| #define HAVE_SYS_SOCKET_H 1
| #define HAVE_SYS_TIME_H 1
| #define HAVE_SYSLOG_H 1
| #define HAVE_UNISTD_H 1
| #define HAVE_WCHAR_H 1
| #define HAVE_POLL_H 1
| #define HAVE_SYS_POLL_H 1
| #define HAVE_SYS_SELECT_H 1
| #define HAVE_EXT_SLIST 1
| #define HAVE_POLL 1
| #define HAVE_DECL_IPV6_PKTINFO 1
| #define HAVE_DECL_IPV6_RECVPKTINFO 1
| #define HAVE_STDBOOL_H 1
| /* end confdefs.h.  */
| #include <stdio.h>
| #ifdef HAVE_SYS_TYPES_H
| # include <sys/types.h>
| #endif
| #ifdef HAVE_SYS_STAT_H
| # include <sys/stat.h>
| #endif
| #ifdef STDC_HEADERS
| # include <stdlib.h>
| # include <stddef.h>
| #else
| # ifdef HAVE_STDLIB_H
| #  include <stdlib.h>
| # endif
| #endif
| #ifdef HAVE_STRING_H
| # if !defined STDC_HEADERS && defined HAVE_MEMORY_H
| #  include <memory.h>
| # endif
| # include <string.h>
| #endif
| #ifdef HAVE_STRINGS_H
| # include <strings.h>
| #endif
| #ifdef HAVE_INTTYPES_H
| # include <inttypes.h>
| #endif
| #ifdef HAVE_STDINT_H
| # include <stdint.h>
| #endif
| #ifdef HAVE_UNISTD_H
| # include <unistd.h>
| #endif
| 	        enum { N = 32 / 2 - 1 };
| int
| main ()
| {
| static int test_array [1 - 2 * !((int32_t) (((((int32_t) 1 << N) << N) - 1) * 2 + 1)
| 		 < (int32_t) (((((int32_t) 1 << N) << N) - 1) * 2 + 2))];
| test_array [0] = 0
| 
|   ;
|   return 0;
| }
configure:16029: result: yes
configure:16040: checking for int8_t
configure:16040: g++ -c -g -O2  conftest.cpp >&5
configure:16040: $? = 0
configure:16040: g++ -c -g -O2  conftest.cpp >&5
conftest.cpp: In function 'int main()':
conftest.cpp:89:56: error: size of array 'test_array' is negative
configure:16040: $? = 1
configure: failed program was:
| /* confdefs.h */
| #define PACKAGE_NAME "dibbler"
| #define PACKAGE_TARNAME "dibbler"
| #define PACKAGE_VERSION "0.8.2"
| #define PACKAGE_STRING "dibbler 0.8.2"
| #define PACKAGE_BUGREPORT "dibbler@klub.com.pl"
| #define PACKAGE_URL ""
| #define PACKAGE "dibbler"
| #define VERSION "0.8.2"
| #define STDC_HEADERS 1
| #define HAVE_SYS_TYPES_H 1
| #define HAVE_SYS_STAT_H 1
| #define HAVE_STDLIB_H 1
| #define HAVE_STRING_H 1
| #define HAVE_MEMORY_H 1
| #define HAVE_STRINGS_H 1
| #define HAVE_INTTYPES_H 1
| #define HAVE_STDINT_H 1
| #define HAVE_UNISTD_H 1
| #define HAVE_DLFCN_H 1
| #define LT_OBJDIR ".libs/"
| #define STDC_HEADERS 1
| #define HAVE_ALLOCA_H 1
| #define HAVE_ALLOCA 1
| #define HAVE_ARPA_INET_H 1
| #define HAVE_FCNTL_H 1
| #define HAVE_INTTYPES_H 1
| #define HAVE_LIMITS_H 1
| #define HAVE_MALLOC_H 1
| #define HAVE_NETDB_H 1
| #define HAVE_NETINET_IN_H 1
| #define HAVE_STDDEF_H 1
| #define HAVE_STDINT_H 1
| #define HAVE_STDLIB_H 1
| #define HAVE_STRING_H 1
| #define HAVE_SYS_IOCTL_H 1
| #define HAVE_SYS_SOCKET_H 1
| #define HAVE_SYS_TIME_H 1
| #define HAVE_SYSLOG_H 1
| #define HAVE_UNISTD_H 1
| #define HAVE_WCHAR_H 1
| #define HAVE_POLL_H 1
| #define HAVE_SYS_POLL_H 1
| #define HAVE_SYS_SELECT_H 1
| #define HAVE_EXT_SLIST 1
| #define HAVE_POLL 1
| #define HAVE_DECL_IPV6_PKTINFO 1
| #define HAVE_DECL_IPV6_RECVPKTINFO 1
| #define HAVE_STDBOOL_H 1
| /* end confdefs.h.  */
| #include <stdio.h>
| #ifdef HAVE_SYS_TYPES_H
| # include <sys/types.h>
| #endif
| #ifdef HAVE_SYS_STAT_H
| # include <sys/stat.h>
| #endif
| #ifdef STDC_HEADERS
| # include <stdlib.h>
| # include <stddef.h>
| #else
| # ifdef HAVE_STDLIB_H
| #  include <stdlib.h>
| # endif
| #endif
| #ifdef HAVE_STRING_H
| # if !defined STDC_HEADERS && defined HAVE_MEMORY_H
| #  include <memory.h>
| # endif
| # include <string.h>
| #endif
| #ifdef HAVE_STRINGS_H
| # include <strings.h>
| #endif
| #ifdef HAVE_INTTYPES_H
| # include <inttypes.h>
| #endif
| #ifdef HAVE_STDINT_H
| # include <stdint.h>
| #endif
| #ifdef HAVE_UNISTD_H
| # include <unistd.h>
| #endif
| 	        enum { N = 8 / 2 - 1 };
| int
| main ()
| {
| static int test_array [1 - 2 * !((int8_t) (((((int8_t) 1 << N) << N) - 1) * 2 + 1)
| 		 < (int8_t) (((((int8_t) 1 << N) << N) - 1) * 2 + 2))];
| test_array [0] = 0
| 
|   ;
|   return 0;
| }
configure:16040: result: yes
configure:16051: checking for pid_t
configure:16051: g++ -c -g -O2  conftest.cpp >&5
configure:16051: $? = 0
configure:16051: g++ -c -g -O2  conftest.cpp >&5
conftest.cpp: In function 'int main()':
conftest.cpp:87:19: error: expected primary-expression before ')' token
configure:16051: $? = 1
configure: failed program was:
| /* confdefs.h */
| #define PACKAGE_NAME "dibbler"
| #define PACKAGE_TARNAME "dibbler"
| #define PACKAGE_VERSION "0.8.2"
| #define PACKAGE_STRING "dibbler 0.8.2"
| #define PACKAGE_BUGREPORT "dibbler@klub.com.pl"
| #define PACKAGE_URL ""
| #define PACKAGE "dibbler"
| #define VERSION "0.8.2"
| #define STDC_HEADERS 1
| #define HAVE_SYS_TYPES_H 1
| #define HAVE_SYS_STAT_H 1
| #define HAVE_STDLIB_H 1
| #define HAVE_STRING_H 1
| #define HAVE_MEMORY_H 1
| #define HAVE_STRINGS_H 1
| #define HAVE_INTTYPES_H 1
| #define HAVE_STDINT_H 1
| #define HAVE_UNISTD_H 1
| #define HAVE_DLFCN_H 1
| #define LT_OBJDIR ".libs/"
| #define STDC_HEADERS 1
| #define HAVE_ALLOCA_H 1
| #define HAVE_ALLOCA 1
| #define HAVE_ARPA_INET_H 1
| #define HAVE_FCNTL_H 1
| #define HAVE_INTTYPES_H 1
| #define HAVE_LIMITS_H 1
| #define HAVE_MALLOC_H 1
| #define HAVE_NETDB_H 1
| #define HAVE_NETINET_IN_H 1
| #define HAVE_STDDEF_H 1
| #define HAVE_STDINT_H 1
| #define HAVE_STDLIB_H 1
| #define HAVE_STRING_H 1
| #define HAVE_SYS_IOCTL_H 1
| #define HAVE_SYS_SOCKET_H 1
| #define HAVE_SYS_TIME_H 1
| #define HAVE_SYSLOG_H 1
| #define HAVE_UNISTD_H 1
| #define HAVE_WCHAR_H 1
| #define HAVE_POLL_H 1
| #define HAVE_SYS_POLL_H 1
| #define HAVE_SYS_SELECT_H 1
| #define HAVE_EXT_SLIST 1
| #define HAVE_POLL 1
| #define HAVE_DECL_IPV6_PKTINFO 1
| #define HAVE_DECL_IPV6_RECVPKTINFO 1
| #define HAVE_STDBOOL_H 1
| /* end confdefs.h.  */
| #include <stdio.h>
| #ifdef HAVE_SYS_TYPES_H
| # include <sys/types.h>
| #endif
| #ifdef HAVE_SYS_STAT_H
| # include <sys/stat.h>
| #endif
| #ifdef STDC_HEADERS
| # include <stdlib.h>
| # include <stddef.h>
| #else
| # ifdef HAVE_STDLIB_H
| #  include <stdlib.h>
| # endif
| #endif
| #ifdef HAVE_STRING_H
| # if !defined STDC_HEADERS && defined HAVE_MEMORY_H
| #  include <memory.h>
| # endif
| # include <string.h>
| #endif
| #ifdef HAVE_STRINGS_H
| # include <strings.h>
| #endif
| #ifdef HAVE_INTTYPES_H
| # include <inttypes.h>
| #endif
| #ifdef HAVE_STDINT_H
| # include <stdint.h>
| #endif
| #ifdef HAVE_UNISTD_H
| # include <unistd.h>
| #endif
| int
| main ()
| {
| if (sizeof ((pid_t)))
| 	    return 0;
|   ;
|   return 0;
| }
configure:16051: result: yes
configure:16062: checking for C/C++ restrict keyword
configure:16087: g++ -c -g -O2  conftest.cpp >&5
configure:16087: $? = 0
configure:16095: result: __restrict
configure:16108: checking for size_t
configure:16108: result: yes
configure:16119: checking for ssize_t
configure:16119: g++ -c -g -O2  conftest.cpp >&5
configure:16119: $? = 0
configure:16119: g++ -c -g -O2  conftest.cpp >&5
conftest.cpp: In function 'int main()':
conftest.cpp:88:21: error: expected primary-expression before ')' token
configure:16119: $? = 1
configure: failed program was:
| /* confdefs.h */
| #define PACKAGE_NAME "dibbler"
| #define PACKAGE_TARNAME "dibbler"
| #define PACKAGE_VERSION "0.8.2"
| #define PACKAGE_STRING "dibbler 0.8.2"
| #define PACKAGE_BUGREPORT "dibbler@klub.com.pl"
| #define PACKAGE_URL ""
| #define PACKAGE "dibbler"
| #define VERSION "0.8.2"
| #define STDC_HEADERS 1
| #define HAVE_SYS_TYPES_H 1
| #define HAVE_SYS_STAT_H 1
| #define HAVE_STDLIB_H 1
| #define HAVE_STRING_H 1
| #define HAVE_MEMORY_H 1
| #define HAVE_STRINGS_H 1
| #define HAVE_INTTYPES_H 1
| #define HAVE_STDINT_H 1
| #define HAVE_UNISTD_H 1
| #define HAVE_DLFCN_H 1
| #define LT_OBJDIR ".libs/"
| #define STDC_HEADERS 1
| #define HAVE_ALLOCA_H 1
| #define HAVE_ALLOCA 1
| #define HAVE_ARPA_INET_H 1
| #define HAVE_FCNTL_H 1
| #define HAVE_INTTYPES_H 1
| #define HAVE_LIMITS_H 1
| #define HAVE_MALLOC_H 1
| #define HAVE_NETDB_H 1
| #define HAVE_NETINET_IN_H 1
| #define HAVE_STDDEF_H 1
| #define HAVE_STDINT_H 1
| #define HAVE_STDLIB_H 1
| #define HAVE_STRING_H 1
| #define HAVE_SYS_IOCTL_H 1
| #define HAVE_SYS_SOCKET_H 1
| #define HAVE_SYS_TIME_H 1
| #define HAVE_SYSLOG_H 1
| #define HAVE_UNISTD_H 1
| #define HAVE_WCHAR_H 1
| #define HAVE_POLL_H 1
| #define HAVE_SYS_POLL_H 1
| #define HAVE_SYS_SELECT_H 1
| #define HAVE_EXT_SLIST 1
| #define HAVE_POLL 1
| #define HAVE_DECL_IPV6_PKTINFO 1
| #define HAVE_DECL_IPV6_RECVPKTINFO 1
| #define HAVE_STDBOOL_H 1
| #define restrict __restrict
| /* end confdefs.h.  */
| #include <stdio.h>
| #ifdef HAVE_SYS_TYPES_H
| # include <sys/types.h>
| #endif
| #ifdef HAVE_SYS_STAT_H
| # include <sys/stat.h>
| #endif
| #ifdef STDC_HEADERS
| # include <stdlib.h>
| # include <stddef.h>
| #else
| # ifdef HAVE_STDLIB_H
| #  include <stdlib.h>
| # endif
| #endif
| #ifdef HAVE_STRING_H
| # if !defined STDC_HEADERS && defined HAVE_MEMORY_H
| #  include <memory.h>
| # endif
| # include <string.h>
| #endif
| #ifdef HAVE_STRINGS_H
| # include <strings.h>
| #endif
| #ifdef HAVE_INTTYPES_H
| # include <inttypes.h>
| #endif
| #ifdef HAVE_STDINT_H
| # include <stdint.h>
| #endif
| #ifdef HAVE_UNISTD_H
| # include <unistd.h>
| #endif
| int
| main ()
| {
| if (sizeof ((ssize_t)))
| 	    return 0;
|   ;
|   return 0;
| }
configure:16119: result: yes
configure:16130: checking for uint16_t
configure:16130: g++ -c -g -O2  conftest.cpp >&5
configure:16130: $? = 0
configure:16130: result: yes
configure:16142: checking for uint32_t
configure:16142: g++ -c -g -O2  conftest.cpp >&5
configure:16142: $? = 0
configure:16142: result: yes
configure:16156: checking for uint64_t
configure:16156: g++ -c -g -O2  conftest.cpp >&5
configure:16156: $? = 0
configure:16156: result: yes
configure:16170: checking for uint8_t
configure:16170: g++ -c -g -O2  conftest.cpp >&5
configure:16170: $? = 0
configure:16170: result: yes
configure:16188: checking vfork.h usability
configure:16188: g++ -c -g -O2  conftest.cpp >&5
conftest.cpp:85:19: fatal error: vfork.h: No such file or directory
compilation terminated.
configure:16188: $? = 1
configure: failed program was:
| /* confdefs.h */
| #define PACKAGE_NAME "dibbler"
| #define PACKAGE_TARNAME "dibbler"
| #define PACKAGE_VERSION "0.8.2"
| #define PACKAGE_STRING "dibbler 0.8.2"
| #define PACKAGE_BUGREPORT "dibbler@klub.com.pl"
| #define PACKAGE_URL ""
| #define PACKAGE "dibbler"
| #define VERSION "0.8.2"
| #define STDC_HEADERS 1
| #define HAVE_SYS_TYPES_H 1
| #define HAVE_SYS_STAT_H 1
| #define HAVE_STDLIB_H 1
| #define HAVE_STRING_H 1
| #define HAVE_MEMORY_H 1
| #define HAVE_STRINGS_H 1
| #define HAVE_INTTYPES_H 1
| #define HAVE_STDINT_H 1
| #define HAVE_UNISTD_H 1
| #define HAVE_DLFCN_H 1
| #define LT_OBJDIR ".libs/"
| #define STDC_HEADERS 1
| #define HAVE_ALLOCA_H 1
| #define HAVE_ALLOCA 1
| #define HAVE_ARPA_INET_H 1
| #define HAVE_FCNTL_H 1
| #define HAVE_INTTYPES_H 1
| #define HAVE_LIMITS_H 1
| #define HAVE_MALLOC_H 1
| #define HAVE_NETDB_H 1
| #define HAVE_NETINET_IN_H 1
| #define HAVE_STDDEF_H 1
| #define HAVE_STDINT_H 1
| #define HAVE_STDLIB_H 1
| #define HAVE_STRING_H 1
| #define HAVE_SYS_IOCTL_H 1
| #define HAVE_SYS_SOCKET_H 1
| #define HAVE_SYS_TIME_H 1
| #define HAVE_SYSLOG_H 1
| #define HAVE_UNISTD_H 1
| #define HAVE_WCHAR_H 1
| #define HAVE_POLL_H 1
| #define HAVE_SYS_POLL_H 1
| #define HAVE_SYS_SELECT_H 1
| #define HAVE_EXT_SLIST 1
| #define HAVE_POLL 1
| #define HAVE_DECL_IPV6_PKTINFO 1
| #define HAVE_DECL_IPV6_RECVPKTINFO 1
| #define HAVE_STDBOOL_H 1
| #define restrict __restrict
| /* end confdefs.h.  */
| #include <stdio.h>
| #ifdef HAVE_SYS_TYPES_H
| # include <sys/types.h>
| #endif
| #ifdef HAVE_SYS_STAT_H
| # include <sys/stat.h>
| #endif
| #ifdef STDC_HEADERS
| # include <stdlib.h>
| # include <stddef.h>
| #else
| # ifdef HAVE_STDLIB_H
| #  include <stdlib.h>
| # endif
| #endif
| #ifdef HAVE_STRING_H
| # if !defined STDC_HEADERS && defined HAVE_MEMORY_H
| #  include <memory.h>
| # endif
| # include <string.h>
| #endif
| #ifdef HAVE_STRINGS_H
| # include <strings.h>
| #endif
| #ifdef HAVE_INTTYPES_H
| # include <inttypes.h>
| #endif
| #ifdef HAVE_STDINT_H
| # include <stdint.h>
| #endif
| #ifdef HAVE_UNISTD_H
| # include <unistd.h>
| #endif
| #include <vfork.h>
configure:16188: result: no
configure:16188: checking vfork.h presence
configure:16188: g++ -E  conftest.cpp
conftest.cpp:52:19: fatal error: vfork.h: No such file or directory
compilation terminated.
configure:16188: $? = 1
configure: failed program was:
| /* confdefs.h */
| #define PACKAGE_NAME "dibbler"
| #define PACKAGE_TARNAME "dibbler"
| #define PACKAGE_VERSION "0.8.2"
| #define PACKAGE_STRING "dibbler 0.8.2"
| #define PACKAGE_BUGREPORT "dibbler@klub.com.pl"
| #define PACKAGE_URL ""
| #define PACKAGE "dibbler"
| #define VERSION "0.8.2"
| #define STDC_HEADERS 1
| #define HAVE_SYS_TYPES_H 1
| #define HAVE_SYS_STAT_H 1
| #define HAVE_STDLIB_H 1
| #define HAVE_STRING_H 1
| #define HAVE_MEMORY_H 1
| #define HAVE_STRINGS_H 1
| #define HAVE_INTTYPES_H 1
| #define HAVE_STDINT_H 1
| #define HAVE_UNISTD_H 1
| #define HAVE_DLFCN_H 1
| #define LT_OBJDIR ".libs/"
| #define STDC_HEADERS 1
| #define HAVE_ALLOCA_H 1
| #define HAVE_ALLOCA 1
| #define HAVE_ARPA_INET_H 1
| #define HAVE_FCNTL_H 1
| #define HAVE_INTTYPES_H 1
| #define HAVE_LIMITS_H 1
| #define HAVE_MALLOC_H 1
| #define HAVE_NETDB_H 1
| #define HAVE_NETINET_IN_H 1
| #define HAVE_STDDEF_H 1
| #define HAVE_STDINT_H 1
| #define HAVE_STDLIB_H 1
| #define HAVE_STRING_H 1
| #define HAVE_SYS_IOCTL_H 1
| #define HAVE_SYS_SOCKET_H 1
| #define HAVE_SYS_TIME_H 1
| #define HAVE_SYSLOG_H 1
| #define HAVE_UNISTD_H 1
| #define HAVE_WCHAR_H 1
| #define HAVE_POLL_H 1
| #define HAVE_SYS_POLL_H 1
| #define HAVE_SYS_SELECT_H 1
| #define HAVE_EXT_SLIST 1
| #define HAVE_POLL 1
| #define HAVE_DECL_IPV6_PKTINFO 1
| #define HAVE_DECL_IPV6_RECVPKTINFO 1
| #define HAVE_STDBOOL_H 1
| #define restrict __restrict
| /* end confdefs.h.  */
| #include <vfork.h>
configure:16188: result: no
configure:16188: checking for vfork.h
configure:16188: result: no
configure:16201: checking for fork
configure:16201: g++ -o conftest -g -O2   conftest.cpp  >&5
configure:16201: $? = 0
configure:16201: result: yes
configure:16201: checking for vfork
configure:16201: g++ -o conftest -g -O2   conftest.cpp  >&5
configure:16201: $? = 0
configure:16201: result: yes
configure:16211: checking for working fork
configure:16233: g++ -o conftest -g -O2   conftest.cpp  >&5
configure:16233: $? = 0
configure:16233: ./conftest
configure:16233: $? = 0
configure:16243: result: yes
configure:16264: checking for working vfork
configure:16374: result: yes
configure:16401: checking for stdlib.h
configure:16401: result: yes
configure:16411: checking for GNU libc compatible malloc
configure:16435: g++ -o conftest -g -O2   conftest.cpp  >&5
configure:16435: $? = 0
configure:16435: ./conftest
configure:16435: $? = 0
configure:16445: result: yes
configure:16468: checking for stdlib.h
configure:16468: result: yes
configure:16478: checking for GNU libc compatible realloc
configure:16502: g++ -o conftest -g -O2   conftest.cpp  >&5
configure:16502: $? = 0
configure:16502: ./conftest
configure:16502: $? = 0
configure:16512: result: yes
configure:16536: checking for bzero
configure:16536: g++ -o conftest -g -O2   conftest.cpp  >&5
configure:16536: $? = 0
configure:16536: result: yes
configure:16536: checking for gethostbyaddr
configure:16536: g++ -o conftest -g -O2   conftest.cpp  >&5
configure:16536: $? = 0
configure:16536: result: yes
configure:16536: checking for gethostname
configure:16536: g++ -o conftest -g -O2   conftest.cpp  >&5
configure:16536: $? = 0
configure:16536: result: yes
configure:16536: checking for gethostbyname
configure:16536: g++ -o conftest -g -O2   conftest.cpp  >&5
configure:16536: $? = 0
configure:16536: result: yes
configure:16536: checking for gettimeofday
configure:16536: g++ -o conftest -g -O2   conftest.cpp  >&5
configure:16536: $? = 0
configure:16536: result: yes
configure:16536: checking for inet_ntoa
configure:16536: g++ -o conftest -g -O2   conftest.cpp  >&5
configure:16536: $? = 0
configure:16536: result: yes
configure:16536: checking for inet_aton
configure:16536: g++ -o conftest -g -O2   conftest.cpp  >&5
configure:16536: $? = 0
configure:16536: result: yes
configure:16536: checking for memchr
configure:16536: g++ -o conftest -g -O2   conftest.cpp  >&5
configure:16536: $? = 0
configure:16536: result: yes
configure:16536: checking for memmove
configure:16536: g++ -o conftest -g -O2   conftest.cpp  >&5
configure:16536: $? = 0
configure:16536: result: yes
configure:16536: checking for memset
configure:16536: g++ -o conftest -g -O2   conftest.cpp  >&5
configure:16536: $? = 0
configure:16536: result: yes
configure:16536: checking for select
configure:16536: g++ -o conftest -g -O2   conftest.cpp  >&5
configure:16536: $? = 0
configure:16536: result: yes
configure:16536: checking for socket
configure:16536: g++ -o conftest -g -O2   conftest.cpp  >&5
configure:16536: $? = 0
configure:16536: result: yes
configure:16536: checking for strcasecmp
configure:16536: g++ -o conftest -g -O2   conftest.cpp  >&5
configure:16536: $? = 0
configure:16536: result: yes
configure:16536: checking for strchr
configure:16536: g++ -o conftest -g -O2   conftest.cpp  >&5
configure:16536: $? = 0
configure:16536: result: yes
configure:16536: checking for strdup
configure:16536: g++ -o conftest -g -O2   conftest.cpp  >&5
configure:16536: $? = 0
configure:16536: result: yes
configure:16536: checking for strerror
configure:16536: g++ -o conftest -g -O2   conftest.cpp  >&5
configure:16536: $? = 0
configure:16536: result: yes
configure:16536: checking for strncasecmp
configure:16536: g++ -o conftest -g -O2   conftest.cpp  >&5
configure:16536: $? = 0
configure:16536: result: yes
configure:16536: checking for strstr
configure:16536: g++ -o conftest -g -O2   conftest.cpp  >&5
configure:16536: $? = 0
configure:16536: result: yes
configure:16536: checking for strtol
configure:16536: g++ -o conftest -g -O2   conftest.cpp  >&5
configure:16536: $? = 0
configure:16536: result: yes
configure:16536: checking for strtoul
configure:16536: g++ -o conftest -g -O2   conftest.cpp  >&5
configure:16536: $? = 0
configure:16536: result: yes
configure:16596: checking for vsnprintf
configure:16611: g++ -c   conftest.cpp >&5
configure:16611: $? = 0
configure:16612: result: yes
configure:16773: checking for struct sockaddr_in6
configure:16789: g++ -c   conftest.cpp >&5
configure:16789: $? = 0
configure:16790: result: yes
configure:16797: checking whether struct sockaddr_in6 has a sin6_len field
configure:16813: g++ -c   conftest.cpp >&5
conftest.cpp: In function 'int main()':
conftest.cpp:89:56: error: 'struct sockaddr_in6' has no member named 'sin6_len'
configure:16813: $? = 1
configure: failed program was:
| /* confdefs.h */
| #define PACKAGE_NAME "dibbler"
| #define PACKAGE_TARNAME "dibbler"
| #define PACKAGE_VERSION "0.8.2"
| #define PACKAGE_STRING "dibbler 0.8.2"
| #define PACKAGE_BUGREPORT "dibbler@klub.com.pl"
| #define PACKAGE_URL ""
| #define PACKAGE "dibbler"
| #define VERSION "0.8.2"
| #define STDC_HEADERS 1
| #define HAVE_SYS_TYPES_H 1
| #define HAVE_SYS_STAT_H 1
| #define HAVE_STDLIB_H 1
| #define HAVE_STRING_H 1
| #define HAVE_MEMORY_H 1
| #define HAVE_STRINGS_H 1
| #define HAVE_INTTYPES_H 1
| #define HAVE_STDINT_H 1
| #define HAVE_UNISTD_H 1
| #define HAVE_DLFCN_H 1
| #define LT_OBJDIR ".libs/"
| #define STDC_HEADERS 1
| #define HAVE_ALLOCA_H 1
| #define HAVE_ALLOCA 1
| #define HAVE_ARPA_INET_H 1
| #define HAVE_FCNTL_H 1
| #define HAVE_INTTYPES_H 1
| #define HAVE_LIMITS_H 1
| #define HAVE_MALLOC_H 1
| #define HAVE_NETDB_H 1
| #define HAVE_NETINET_IN_H 1
| #define HAVE_STDDEF_H 1
| #define HAVE_STDINT_H 1
| #define HAVE_STDLIB_H 1
| #define HAVE_STRING_H 1
| #define HAVE_SYS_IOCTL_H 1
| #define HAVE_SYS_SOCKET_H 1
| #define HAVE_SYS_TIME_H 1
| #define HAVE_SYSLOG_H 1
| #define HAVE_UNISTD_H 1
| #define HAVE_WCHAR_H 1
| #define HAVE_POLL_H 1
| #define HAVE_SYS_POLL_H 1
| #define HAVE_SYS_SELECT_H 1
| #define HAVE_EXT_SLIST 1
| #define HAVE_POLL 1
| #define HAVE_DECL_IPV6_PKTINFO 1
| #define HAVE_DECL_IPV6_RECVPKTINFO 1
| #define HAVE_STDBOOL_H 1
| #define restrict __restrict
| #define HAVE_FORK 1
| #define HAVE_VFORK 1
| #define HAVE_WORKING_VFORK 1
| #define HAVE_WORKING_FORK 1
| #define HAVE_STDLIB_H 1
| #define HAVE_MALLOC 1
| #define HAVE_STDLIB_H 1
| #define HAVE_REALLOC 1
| #define HAVE_BZERO 1
| #define HAVE_GETHOSTBYADDR 1
| #define HAVE_GETHOSTNAME 1
| #define HAVE_GETHOSTBYNAME 1
| #define HAVE_GETTIMEOFDAY 1
| #define HAVE_INET_NTOA 1
| #define HAVE_INET_ATON 1
| #define HAVE_MEMCHR 1
| #define HAVE_MEMMOVE 1
| #define HAVE_MEMSET 1
| #define HAVE_SELECT 1
| #define HAVE_SOCKET 1
| #define HAVE_STRCASECMP 1
| #define HAVE_STRCHR 1
| #define HAVE_STRDUP 1
| #define HAVE_STRERROR 1
| #define HAVE_STRNCASECMP 1
| #define HAVE_STRSTR 1
| #define HAVE_STRTOL 1
| #define HAVE_STRTOUL 1
| #define HAVE_VSNPRINTF 1
| #define HAVE_IPV6 1
| /* end confdefs.h.  */
| #include <sys/types.h>
|      #include <netinet/in.h>
|      #include <sys/socket.h>
| 
| int
| main ()
| {
| static struct sockaddr_in6 ac_i;int ac_j = sizeof(ac_i.sin6_len);
|   ;
|   return 0;
| }
configure:16820: result: no
configure:16826: checking whether struct sockaddr_storage has a __ss_family field
configure:16842: g++ -c   conftest.cpp >&5
conftest.cpp: In function 'int main()':
conftest.cpp:89:60: error: 'struct sockaddr_storage' has no member named '__ss_family'
configure:16842: $? = 1
configure: failed program was:
| /* confdefs.h */
| #define PACKAGE_NAME "dibbler"
| #define PACKAGE_TARNAME "dibbler"
| #define PACKAGE_VERSION "0.8.2"
| #define PACKAGE_STRING "dibbler 0.8.2"
| #define PACKAGE_BUGREPORT "dibbler@klub.com.pl"
| #define PACKAGE_URL ""
| #define PACKAGE "dibbler"
| #define VERSION "0.8.2"
| #define STDC_HEADERS 1
| #define HAVE_SYS_TYPES_H 1
| #define HAVE_SYS_STAT_H 1
| #define HAVE_STDLIB_H 1
| #define HAVE_STRING_H 1
| #define HAVE_MEMORY_H 1
| #define HAVE_STRINGS_H 1
| #define HAVE_INTTYPES_H 1
| #define HAVE_STDINT_H 1
| #define HAVE_UNISTD_H 1
| #define HAVE_DLFCN_H 1
| #define LT_OBJDIR ".libs/"
| #define STDC_HEADERS 1
| #define HAVE_ALLOCA_H 1
| #define HAVE_ALLOCA 1
| #define HAVE_ARPA_INET_H 1
| #define HAVE_FCNTL_H 1
| #define HAVE_INTTYPES_H 1
| #define HAVE_LIMITS_H 1
| #define HAVE_MALLOC_H 1
| #define HAVE_NETDB_H 1
| #define HAVE_NETINET_IN_H 1
| #define HAVE_STDDEF_H 1
| #define HAVE_STDINT_H 1
| #define HAVE_STDLIB_H 1
| #define HAVE_STRING_H 1
| #define HAVE_SYS_IOCTL_H 1
| #define HAVE_SYS_SOCKET_H 1
| #define HAVE_SYS_TIME_H 1
| #define HAVE_SYSLOG_H 1
| #define HAVE_UNISTD_H 1
| #define HAVE_WCHAR_H 1
| #define HAVE_POLL_H 1
| #define HAVE_SYS_POLL_H 1
| #define HAVE_SYS_SELECT_H 1
| #define HAVE_EXT_SLIST 1
| #define HAVE_POLL 1
| #define HAVE_DECL_IPV6_PKTINFO 1
| #define HAVE_DECL_IPV6_RECVPKTINFO 1
| #define HAVE_STDBOOL_H 1
| #define restrict __restrict
| #define HAVE_FORK 1
| #define HAVE_VFORK 1
| #define HAVE_WORKING_VFORK 1
| #define HAVE_WORKING_FORK 1
| #define HAVE_STDLIB_H 1
| #define HAVE_MALLOC 1
| #define HAVE_STDLIB_H 1
| #define HAVE_REALLOC 1
| #define HAVE_BZERO 1
| #define HAVE_GETHOSTBYADDR 1
| #define HAVE_GETHOSTNAME 1
| #define HAVE_GETHOSTBYNAME 1
| #define HAVE_GETTIMEOFDAY 1
| #define HAVE_INET_NTOA 1
| #define HAVE_INET_ATON 1
| #define HAVE_MEMCHR 1
| #define HAVE_MEMMOVE 1
| #define HAVE_MEMSET 1
| #define HAVE_SELECT 1
| #define HAVE_SOCKET 1
| #define HAVE_STRCASECMP 1
| #define HAVE_STRCHR 1
| #define HAVE_STRDUP 1
| #define HAVE_STRERROR 1
| #define HAVE_STRNCASECMP 1
| #define HAVE_STRSTR 1
| #define HAVE_STRTOL 1
| #define HAVE_STRTOUL 1
| #define HAVE_VSNPRINTF 1
| #define HAVE_IPV6 1
| /* end confdefs.h.  */
| #include <sys/types.h>
|      #include <netinet/in.h>
|      #include <sys/socket.h>
| 
| int
| main ()
| {
| static struct sockaddr_storage ac_i;int ac_j = sizeof(ac_i.__ss_family);
|   ;
|   return 0;
| }
configure:16849: result: no
configure:16860: checking for struct sockaddr_storage
configure:16881: g++ -c   conftest.cpp >&5
configure:16881: $? = 0
configure:16882: result: yes
configure:16894: checking whether struct sockaddr_in has a sin_len field
configure:16909: g++ -c   conftest.cpp >&5
conftest.cpp: In function 'int main()':
conftest.cpp:89:55: error: 'struct sockaddr_in' has no member named 'sin_len'
configure:16909: $? = 1
configure: failed program was:
| /* confdefs.h */
| #define PACKAGE_NAME "dibbler"
| #define PACKAGE_TARNAME "dibbler"
| #define PACKAGE_VERSION "0.8.2"
| #define PACKAGE_STRING "dibbler 0.8.2"
| #define PACKAGE_BUGREPORT "dibbler@klub.com.pl"
| #define PACKAGE_URL ""
| #define PACKAGE "dibbler"
| #define VERSION "0.8.2"
| #define STDC_HEADERS 1
| #define HAVE_SYS_TYPES_H 1
| #define HAVE_SYS_STAT_H 1
| #define HAVE_STDLIB_H 1
| #define HAVE_STRING_H 1
| #define HAVE_MEMORY_H 1
| #define HAVE_STRINGS_H 1
| #define HAVE_INTTYPES_H 1
| #define HAVE_STDINT_H 1
| #define HAVE_UNISTD_H 1
| #define HAVE_DLFCN_H 1
| #define LT_OBJDIR ".libs/"
| #define STDC_HEADERS 1
| #define HAVE_ALLOCA_H 1
| #define HAVE_ALLOCA 1
| #define HAVE_ARPA_INET_H 1
| #define HAVE_FCNTL_H 1
| #define HAVE_INTTYPES_H 1
| #define HAVE_LIMITS_H 1
| #define HAVE_MALLOC_H 1
| #define HAVE_NETDB_H 1
| #define HAVE_NETINET_IN_H 1
| #define HAVE_STDDEF_H 1
| #define HAVE_STDINT_H 1
| #define HAVE_STDLIB_H 1
| #define HAVE_STRING_H 1
| #define HAVE_SYS_IOCTL_H 1
| #define HAVE_SYS_SOCKET_H 1
| #define HAVE_SYS_TIME_H 1
| #define HAVE_SYSLOG_H 1
| #define HAVE_UNISTD_H 1
| #define HAVE_WCHAR_H 1
| #define HAVE_POLL_H 1
| #define HAVE_SYS_POLL_H 1
| #define HAVE_SYS_SELECT_H 1
| #define HAVE_EXT_SLIST 1
| #define HAVE_POLL 1
| #define HAVE_DECL_IPV6_PKTINFO 1
| #define HAVE_DECL_IPV6_RECVPKTINFO 1
| #define HAVE_STDBOOL_H 1
| #define restrict __restrict
| #define HAVE_FORK 1
| #define HAVE_VFORK 1
| #define HAVE_WORKING_VFORK 1
| #define HAVE_WORKING_FORK 1
| #define HAVE_STDLIB_H 1
| #define HAVE_MALLOC 1
| #define HAVE_STDLIB_H 1
| #define HAVE_REALLOC 1
| #define HAVE_BZERO 1
| #define HAVE_GETHOSTBYADDR 1
| #define HAVE_GETHOSTNAME 1
| #define HAVE_GETHOSTBYNAME 1
| #define HAVE_GETTIMEOFDAY 1
| #define HAVE_INET_NTOA 1
| #define HAVE_INET_ATON 1
| #define HAVE_MEMCHR 1
| #define HAVE_MEMMOVE 1
| #define HAVE_MEMSET 1
| #define HAVE_SELECT 1
| #define HAVE_SOCKET 1
| #define HAVE_STRCASECMP 1
| #define HAVE_STRCHR 1
| #define HAVE_STRDUP 1
| #define HAVE_STRERROR 1
| #define HAVE_STRNCASECMP 1
| #define HAVE_STRSTR 1
| #define HAVE_STRTOL 1
| #define HAVE_STRTOUL 1
| #define HAVE_VSNPRINTF 1
| #define HAVE_IPV6 1
| #define HAVE_SOCKADDR_STORAGE 1
| /* end confdefs.h.  */
| #include <sys/types.h>
|   #include <netinet/in.h>
| 
| int
| main ()
| {
| static struct sockaddr_in ac_i;int ac_j = sizeof(ac_i.sin_len);
|   ;
|   return 0;
| }
configure:16916: result: no
configure:16922: checking for socklen_t
configure:16931: result: yes
configure:16945: checking which port is appropriate for this system
configure:16977: result: Port-linux
configure:17376: creating ./config.status

## ---------------------- ##
## Running config.status. ##
## ---------------------- ##

This file was extended by dibbler config.status 0.8.2, which was
generated by GNU Autoconf 2.68.  Invocation command line was

  CONFIG_FILES    = 
  CONFIG_HEADERS  = 
  CONFIG_LINKS    = 
  CONFIG_COMMANDS = 
  $ ./config.status 

on zhouduanqi-Dell990

config.status:1263: creating Makefile
config.status:1263: creating AddrMgr/Makefile
config.status:1263: creating CfgMgr/Makefile
config.status:1263: creating ClntAddrMgr/Makefile
config.status:1263: creating ClntCfgMgr/Makefile
config.status:1263: creating ClntIfaceMgr/Makefile
config.status:1263: creating ClntMessages/Makefile
config.status:1263: creating ClntOptions/Makefile
config.status:1263: creating ClntTransMgr/Makefile
config.status:1263: creating IfaceMgr/Makefile
config.status:1263: creating Messages/Makefile
config.status:1263: creating Misc/Makefile
config.status:1263: creating Options/Makefile
config.status:1263: creating RelCfgMgr/Makefile
config.status:1263: creating RelIfaceMgr/Makefile
config.status:1263: creating RelMessages/Makefile
config.status:1263: creating RelOptions/Makefile
config.status:1263: creating RelTransMgr/Makefile
config.status:1263: creating Requestor/Makefile
config.status:1263: creating SrvAddrMgr/Makefile
config.status:1263: creating SrvCfgMgr/Makefile
config.status:1263: creating SrvIfaceMgr/Makefile
config.status:1263: creating SrvMessages/Makefile
config.status:1263: creating SrvOptions/Makefile
config.status:1263: creating SrvTransMgr/Makefile
config.status:1263: creating poslib/Makefile
config.status:1263: creating Port-linux/Makefile
config.status:1263: creating AddrMgr/tests/Makefile
config.status:1263: creating Options/tests/Makefile
config.status:1263: creating Port-linux/Makefile
config.status:1263: creating Port-bsd/Makefile
config.status:1263: creating Port-win32/Makefile
config.status:1263: creating Port-winnt2k/Makefile
config.status:1263: creating doc/Makefile
config.status:1263: creating Misc/Portable.h
config.status:1263: creating doc/doxygen.cfg
config.status:1263: creating include/dibbler-config.h
config.status:1492: executing depfiles commands
config.status:1492: executing libtool commands
configure:19980: === configuring in bison++ (/home/zhouduanqi/netarchlab/dibbler0.8.2_ADN/bison++)
configure:20043: running /bin/bash ./configure --disable-option-checking '--prefix=/usr/local'  --cache-file=/dev/null --srcdir=.

## ---------------- ##
## Cache variables. ##
## ---------------- ##

ac_cv_build=i686-pc-linux-gnu
ac_cv_c_compiler_gnu=yes
ac_cv_c_inline=inline
ac_cv_c_int16_t=yes
ac_cv_c_int32_t=yes
ac_cv_c_int8_t=yes
ac_cv_c_restrict=__restrict
ac_cv_c_uint16_t=yes
ac_cv_c_uint32_t=yes
ac_cv_c_uint64_t=yes
ac_cv_c_uint8_t=yes
ac_cv_cxx_compiler_gnu=yes
ac_cv_env_CCC_set=
ac_cv_env_CCC_value=
ac_cv_env_CC_set=
ac_cv_env_CC_value=
ac_cv_env_CFLAGS_set=
ac_cv_env_CFLAGS_value=
ac_cv_env_CPPFLAGS_set=
ac_cv_env_CPPFLAGS_value=
ac_cv_env_CPP_set=
ac_cv_env_CPP_value=
ac_cv_env_CXXCPP_set=
ac_cv_env_CXXCPP_value=
ac_cv_env_CXXFLAGS_set=
ac_cv_env_CXXFLAGS_value=
ac_cv_env_CXX_set=
ac_cv_env_CXX_value=
ac_cv_env_LDFLAGS_set=
ac_cv_env_LDFLAGS_value=
ac_cv_env_LIBS_set=
ac_cv_env_LIBS_value=
ac_cv_env_build_alias_set=
ac_cv_env_build_alias_value=
ac_cv_env_host_alias_set=
ac_cv_env_host_alias_value=
ac_cv_env_target_alias_set=
ac_cv_env_target_alias_value=
ac_cv_func_alloca_works=yes
ac_cv_func_bzero=yes
ac_cv_func_fork=yes
ac_cv_func_fork_works=yes
ac_cv_func_gethostbyaddr=yes
ac_cv_func_gethostbyname=yes
ac_cv_func_gethostname=yes
ac_cv_func_gettimeofday=yes
ac_cv_func_inet_aton=yes
ac_cv_func_inet_ntoa=yes
ac_cv_func_malloc_0_nonnull=yes
ac_cv_func_memchr=yes
ac_cv_func_memmove=yes
ac_cv_func_memset=yes
ac_cv_func_realloc_0_nonnull=yes
ac_cv_func_select=yes
ac_cv_func_socket=yes
ac_cv_func_strcasecmp=yes
ac_cv_func_strchr=yes
ac_cv_func_strdup=yes
ac_cv_func_strerror=yes
ac_cv_func_strncasecmp=yes
ac_cv_func_strstr=yes
ac_cv_func_strtol=yes
ac_cv_func_strtoul=yes
ac_cv_func_vfork=yes
ac_cv_func_vfork_works=yes
ac_cv_have_decl_IPV6_PKTINFO=yes
ac_cv_have_decl_IPV6_RECVPKTINFO=yes
ac_cv_header_arpa_inet_h=yes
ac_cv_header_dlfcn_h=yes
ac_cv_header_ext_slist=yes
ac_cv_header_fcntl_h=yes
ac_cv_header_inttypes_h=yes
ac_cv_header_limits_h=yes
ac_cv_header_malloc_h=yes
ac_cv_header_memory_h=yes
ac_cv_header_netdb_h=yes
ac_cv_header_netinet_in_h=yes
ac_cv_header_poll_h=yes
ac_cv_header_slist=no
ac_cv_header_stdbool_h=yes
ac_cv_header_stdc=yes
ac_cv_header_stddef_h=yes
ac_cv_header_stdint_h=yes
ac_cv_header_stdlib_h=yes
ac_cv_header_string_h=yes
ac_cv_header_strings_h=yes
ac_cv_header_sys_ioctl_h=yes
ac_cv_header_sys_poll_h=yes
ac_cv_header_sys_select_h=yes
ac_cv_header_sys_socket_h=yes
ac_cv_header_sys_stat_h=yes
ac_cv_header_sys_time_h=yes
ac_cv_header_sys_types_h=yes
ac_cv_header_syslog_h=yes
ac_cv_header_unistd_h=yes
ac_cv_header_vfork_h=no
ac_cv_header_wchar_h=yes
ac_cv_header_winsock2_h=no
ac_cv_host=i686-pc-linux-gnu
ac_cv_objext=o
ac_cv_path_EGREP='/bin/grep -E'
ac_cv_path_FGREP='/bin/grep -F'
ac_cv_path_GREP=/bin/grep
ac_cv_path_SED=/bin/sed
ac_cv_path_install='/usr/bin/install -c'
ac_cv_path_mkdir=/bin/mkdir
ac_cv_prog_AWK=mawk
ac_cv_prog_CPP='gcc -E'
ac_cv_prog_CXXCPP='g++ -E'
ac_cv_prog_ac_ct_AR=ar
ac_cv_prog_ac_ct_CC=gcc
ac_cv_prog_ac_ct_CXX=g++
ac_cv_prog_ac_ct_MANIFEST_TOOL=mt
ac_cv_prog_ac_ct_OBJDUMP=objdump
ac_cv_prog_ac_ct_RANLIB=ranlib
ac_cv_prog_ac_ct_STRIP=strip
ac_cv_prog_cc_c89=
ac_cv_prog_cc_g=yes
ac_cv_prog_cxx_g=yes
ac_cv_prog_make_make_set=yes
ac_cv_type__Bool=no
ac_cv_type_pid_t=yes
ac_cv_type_size_t=yes
ac_cv_type_ssize_t=yes
ac_cv_working_alloca_h=yes
am_cv_CC_dependencies_compiler_type=gcc3
am_cv_CXX_dependencies_compiler_type=gcc3
lt_cv_ar_at_file=@
lt_cv_deplibs_check_method=pass_all
lt_cv_file_magic_cmd='$MAGIC_CMD'
lt_cv_file_magic_test_file=
lt_cv_ld_reload_flag=-r
lt_cv_nm_interface='BSD nm'
lt_cv_objdir=.libs
lt_cv_path_LD=/usr/bin/ld
lt_cv_path_LDCXX=/usr/bin/ld
lt_cv_path_NM='/usr/bin/nm -B'
lt_cv_path_mainfest_tool=no
lt_cv_prog_compiler_c_o=yes
lt_cv_prog_compiler_c_o_CXX=yes
lt_cv_prog_compiler_pic='-fPIC -DPIC'
lt_cv_prog_compiler_pic_CXX='-fPIC -DPIC'
lt_cv_prog_compiler_pic_works=yes
lt_cv_prog_compiler_pic_works_CXX=yes
lt_cv_prog_compiler_rtti_exceptions=no
lt_cv_prog_compiler_static_works=yes
lt_cv_prog_compiler_static_works_CXX=yes
lt_cv_prog_gnu_ld=yes
lt_cv_prog_gnu_ldcxx=yes
lt_cv_sharedlib_from_linklib_cmd='printf %s\n'
lt_cv_shlibpath_overrides_runpath=no
lt_cv_sys_global_symbol_pipe='sed -n -e '\''s/^.*[	 ]\([ABCDGIRSTW][ABCDGIRSTW]*\)[	 ][	 ]*\([_A-Za-z][_A-Za-z0-9]*\)$/\1 \2 \2/p'\'' | sed '\''/ __gnu_lto/d'\'''
lt_cv_sys_global_symbol_to_c_name_address='sed -n -e '\''s/^: \([^ ]*\)[ ]*$/  {\"\1\", (void *) 0},/p'\'' -e '\''s/^[ABCDGIRSTW]* \([^ ]*\) \([^ ]*\)$/  {"\2", (void *) \&\2},/p'\'''
lt_cv_sys_global_symbol_to_c_name_address_lib_prefix='sed -n -e '\''s/^: \([^ ]*\)[ ]*$/  {\"\1\", (void *) 0},/p'\'' -e '\''s/^[ABCDGIRSTW]* \([^ ]*\) \(lib[^ ]*\)$/  {"\2", (void *) \&\2},/p'\'' -e '\''s/^[ABCDGIRSTW]* \([^ ]*\) \([^ ]*\)$/  {"lib\2", (void *) \&\2},/p'\'''
lt_cv_sys_global_symbol_to_cdecl='sed -n -e '\''s/^T .* \(.*\)$/extern int \1();/p'\'' -e '\''s/^[ABCDGIRSTW]* .* \(.*\)$/extern char \1;/p'\'''
lt_cv_sys_max_cmd_len=1572864
lt_cv_to_host_file_cmd=func_convert_file_noop
lt_cv_to_tool_file_cmd=func_convert_file_noop

## ----------------- ##
## Output variables. ##
## ----------------- ##

ACLOCAL='${SHELL} /home/zhouduanqi/netarchlab/dibbler0.8.2_ADN/missing --run aclocal-1.11'
ALLOCA=''
AMDEPBACKSLASH='\'
AMDEP_FALSE='#'
AMDEP_TRUE=''
AMTAR='${SHELL} /home/zhouduanqi/netarchlab/dibbler0.8.2_ADN/missing --run tar'
AM_BACKSLASH='\'
AM_DEFAULT_VERBOSITY='1'
AR='ar'
ARCH='LINUX'
AUTOCONF='${SHELL} /home/zhouduanqi/netarchlab/dibbler0.8.2_ADN/missing --run autoconf'
AUTOHEADER='${SHELL} /home/zhouduanqi/netarchlab/dibbler0.8.2_ADN/missing --run autoheader'
AUTOMAKE='${SHELL} /home/zhouduanqi/netarchlab/dibbler0.8.2_ADN/missing --run automake-1.11'
AWK='mawk'
CC='gcc'
CCDEPMODE='depmode=gcc3'
CFLAGS=' -std=c99 '
CPP='gcc -E'
CPPFLAGS=' -DLINUX -Wall -pedantic -funsigned-char -O2 -DMOD_CLNT_BIND_REUSE -DMOD_CLNT_CONFIRM'
CXX='g++'
CXXCPP='g++ -E'
CXXDEPMODE='depmode=gcc3'
CXXFLAGS=''
CYGPATH_W='echo'
DEFS='-DHAVE_CONFIG_H'
DEPDIR='.deps'
DLLTOOL='false'
DSYMUTIL=''
DUMPBIN=''
ECHO_C=''
ECHO_N='-n'
ECHO_T=''
EGREP='/bin/grep -E'
EXEEXT=''
FGREP='/bin/grep -F'
GREP='/bin/grep'
GTEST_INCLUDES=''
GTEST_LDADD=''
GTEST_LDFLAGS=''
HAVE_GTEST_FALSE=''
HAVE_GTEST_TRUE='#'
INSTALL_DATA='${INSTALL} -m 644'
INSTALL_PROGRAM='${INSTALL}'
INSTALL_SCRIPT='${INSTALL}'
INSTALL_STRIP_PROGRAM='$(install_sh) -c -s'
LD='/usr/bin/ld'
LDFLAGS=' -lpthread'
LIBOBJS=''
LIBS=''
LIBTOOL='$(SHELL) $(top_builddir)/libtool'
LINKPRINT=''
LIPO=''
LN_S='ln -s'
LTLIBOBJS=''
MAINT='#'
MAINTAINER_MODE_FALSE=''
MAINTAINER_MODE_TRUE='#'
MAKEINFO='${SHELL} /home/zhouduanqi/netarchlab/dibbler0.8.2_ADN/missing --run makeinfo'
MANIFEST_TOOL=':'
MKDIR_P='/bin/mkdir -p'
NM='/usr/bin/nm -B'
NMEDIT=''
OBJDUMP='objdump'
OBJEXT='o'
OTOOL64=''
OTOOL=''
PACKAGE='dibbler'
PACKAGE_BUGREPORT='dibbler@klub.com.pl'
PACKAGE_NAME='dibbler'
PACKAGE_STRING='dibbler 0.8.2'
PACKAGE_TARNAME='dibbler'
PACKAGE_URL=''
PACKAGE_VERSION='0.8.2'
PATH_SEPARATOR=':'
PORT_CFLAGS=''
PORT_LDFLAGS='-lpthread'
PORT_SUBDIR='Port-linux'
RANLIB='ranlib'
SED='/bin/sed'
SET_MAKE=''
SHELL='/bin/bash'
STRIP='strip'
VERSION='0.8.2'
ac_ct_AR='ar'
ac_ct_CC='gcc'
ac_ct_CXX='g++'
ac_ct_DUMPBIN=''
am__EXEEXT_FALSE=''
am__EXEEXT_TRUE='#'
am__fastdepCC_FALSE='#'
am__fastdepCC_TRUE=''
am__fastdepCXX_FALSE='#'
am__fastdepCXX_TRUE=''
am__include='include'
am__isrc=''
am__leading_dot='.'
am__quote=''
am__tar='${AMTAR} chof - "$$tardir"'
am__untar='${AMTAR} xf -'
bindir='${exec_prefix}/bin'
build='i686-pc-linux-gnu'
build_alias=''
build_cpu='i686'
build_os='linux-gnu'
build_vendor='pc'
datadir='${datarootdir}'
datarootdir='${prefix}/share'
docdir='${datarootdir}/doc/${PACKAGE_TARNAME}'
dvidir='${docdir}'
exec_prefix='${prefix}'
host='i686-pc-linux-gnu'
host_alias=''
host_cpu='i686'
host_os='linux-gnu'
host_vendor='pc'
htmldir='${docdir}'
includedir='${prefix}/include'
infodir='${datarootdir}/info'
install_sh='${SHELL} /home/zhouduanqi/netarchlab/dibbler0.8.2_ADN/install-sh'
libdir='${exec_prefix}/lib'
libexecdir='${exec_prefix}/libexec'
localedir='${datarootdir}/locale'
localstatedir='${prefix}/var'
mandir='${datarootdir}/man'
mkdir_p='/bin/mkdir -p'
oldincludedir='/usr/include'
pdfdir='${docdir}'
prefix='/usr/local'
program_transform_name='s,x,x,'
psdir='${docdir}'
sbindir='${exec_prefix}/sbin'
sharedstatedir='${prefix}/com'
subdirs=' bison++'
sysconfdir='${prefix}/etc'
target_alias=''

## ----------- ##
## confdefs.h. ##
## ----------- ##

/* confdefs.h */
#define PACKAGE_NAME "dibbler"
#define PACKAGE_TARNAME "dibbler"
#define PACKAGE_VERSION "0.8.2"
#define PACKAGE_STRING "dibbler 0.8.2"
#define PACKAGE_BUGREPORT "dibbler@klub.com.pl"
#define PACKAGE_URL ""
#define PACKAGE "dibbler"
#define VERSION "0.8.2"
#define STDC_HEADERS 1
#define HAVE_SYS_TYPES_H 1
#define HAVE_SYS_STAT_H 1
#define HAVE_STDLIB_H 1
#define HAVE_STRING_H 1
#define HAVE_MEMORY_H 1
#define HAVE_STRINGS_H 1
#define HAVE_INTTYPES_H 1
#define HAVE_STDINT_H 1
#define HAVE_UNISTD_H 1
#define HAVE_DLFCN_H 1
#define LT_OBJDIR ".libs/"
#define STDC_HEADERS 1
#define HAVE_ALLOCA_H 1
#define HAVE_ALLOCA 1
#define HAVE_ARPA_INET_H 1
#define HAVE_FCNTL_H 1
#define HAVE_INTTYPES_H 1
#define HAVE_LIMITS_H 1
#define HAVE_MALLOC_H 1
#define HAVE_NETDB_H 1
#define HAVE_NETINET_IN_H 1
#define HAVE_STDDEF_H 1
#define HAVE_STDINT_H 1
#define HAVE_STDLIB_H 1
#define HAVE_STRING_H 1
#define HAVE_SYS_IOCTL_H 1
#define HAVE_SYS_SOCKET_H 1
#define HAVE_SYS_TIME_H 1
#define HAVE_SYSLOG_H 1
#define HAVE_UNISTD_H 1
#define HAVE_WCHAR_H 1
#define HAVE_POLL_H 1
#define HAVE_SYS_POLL_H 1
#define HAVE_SYS_SELECT_H 1
#define HAVE_EXT_SLIST 1
#define HAVE_POLL 1
#define HAVE_DECL_IPV6_PKTINFO 1
#define HAVE_DECL_IPV6_RECVPKTINFO 1
#define HAVE_STDBOOL_H 1
#define restrict __restrict
#define HAVE_FORK 1
#define HAVE_VFORK 1
#define HAVE_WORKING_VFORK 1
#define HAVE_WORKING_FORK 1
#define HAVE_STDLIB_H 1
#define HAVE_MALLOC 1
#define HAVE_STDLIB_H 1
#define HAVE_REALLOC 1
#define HAVE_BZERO 1
#define HAVE_GETHOSTBYADDR 1
#define HAVE_GETHOSTNAME 1
#define HAVE_GETHOSTBYNAME 1
#define HAVE_GETTIMEOFDAY 1
#define HAVE_INET_NTOA 1
#define HAVE_INET_ATON 1
#define HAVE_MEMCHR 1
#define HAVE_MEMMOVE 1
#define HAVE_MEMSET 1
#define HAVE_SELECT 1
#define HAVE_SOCKET 1
#define HAVE_STRCASECMP 1
#define HAVE_STRCHR 1
#define HAVE_STRDUP 1
#define HAVE_STRERROR 1
#define HAVE_STRNCASECMP 1
#define HAVE_STRSTR 1
#define HAVE_STRTOL 1
#define HAVE_STRTOUL 1
#define HAVE_VSNPRINTF 1
#define HAVE_IPV6 1
#define HAVE_SOCKADDR_STORAGE 1
#define HAVE_SOCKLEN_T 1

configure: exit 0
